[2024-12-19T21:12:06.473296+00:00] e-mensa.INFO: Hauptseite wurde aufgerufen. [] []
[2024-12-19T21:12:56.311108+00:00] e-mensa.INFO: Hauptseite wurde aufgerufen. [] []
[2024-12-19T21:13:56.938122+00:00] e-mensa.INFO: Hauptseite wurde aufgerufen. [] []
[2024-12-19T21:17:03.871071+00:00] e-mensa.INFO: Hauptseite wurde aufgerufen. [] []
[2024-12-19T21:18:57.327012+00:00] e-mensa.INFO: Hauptseite wurde aufgerufen. [] []
[2024-12-19T21:19:36.282088+00:00] e-mensa.INFO: Hauptseite wurde aufgerufen. [] []
[2024-12-20T14:06:32.795040+00:00] e-mensa.INFO: Hauptseite wurde aufgerufen. [] []
[2024-12-20T16:26:51.916046+00:00] e-mensa.INFO: Hauptseite wurde aufgerufen. [] []
[2024-12-20T16:26:57.215463+00:00] e-mensa.INFO: Hauptseite wurde aufgerufen. [] []
[2024-12-20T16:26:58.769843+00:00] e-mensa.INFO: Hauptseite wurde aufgerufen. [] []
[2024-12-20T16:29:54.919661+00:00] e-mensa.INFO: Hauptseite wurde aufgerufen. [] []
[2024-12-20T16:29:57.993717+00:00] e-mensa.INFO: Hauptseite wurde aufgerufen. [] []
[2024-12-20T16:29:59.946619+00:00] e-mensa.INFO: Hauptseite wurde aufgerufen. [] []
[2024-12-20T16:30:41.403402+00:00] e-mensa.INFO: Hauptseite wurde aufgerufen. [] []
[2024-12-20T16:33:31.647818+00:00] e-mensa.INFO: Hauptseite wurde aufgerufen. [] []
[2024-12-20T16:34:34.924108+00:00] e-mensa.INFO: Hauptseite wurde aufgerufen. [] []
[2024-12-20T16:39:16.544368+00:00] e-mensa.INFO: Hauptseite wurde aufgerufen. [] []
[2024-12-20T16:39:21.190381+00:00] e-mensa.INFO: Hauptseite wurde aufgerufen. [] []
[2024-12-20T16:39:31.236993+00:00] e-mensa.INFO: Hauptseite wurde aufgerufen. [] []
[2024-12-20T16:39:32.900321+00:00] e-mensa.INFO: Hauptseite wurde aufgerufen. [] []
[2024-12-20T17:07:52.257498+00:00] e-mensa.ERROR: ERROR ANMELDUNG [] []
[2024-12-20T17:14:07.609091+00:00] e-mensa.INFO: Hauptseite wurde aufgerufen. [] []
[2024-12-20T17:14:18.383540+00:00] e-mensa.ERROR: ERROR ANMELDUNG - Incorrect password [] []
[2024-12-20T17:14:49.717660+00:00] e-mensa.INFO: Hauptseite wurde aufgerufen. [] []
[2024-12-20T17:15:03.147192+00:00] e-mensa.INFO: Hauptseite wurde aufgerufen. [] []
[2024-12-20T17:15:13.962974+00:00] e-mensa.INFO: ABMELDUNG [] []
[2024-12-20T17:15:13.992278+00:00] e-mensa.INFO: Hauptseite wurde aufgerufen. [] []
[2024-12-20T17:15:21.487399+00:00] e-mensa.ERROR: ERROR ANMELDUNG - Incorrect password [] []
[2024-12-20T17:17:47.535696+00:00] e-mensa.INFO: Hauptseite wurde aufgerufen. [] []
[2024-12-20T17:19:38.276052+00:00] e-mensa.INFO: Hauptseite wurde aufgerufen. [] []
[2024-12-20T17:19:49.240811+00:00] e-mensa.INFO: ABMELDUNG [] []
[2024-12-20T17:19:49.266918+00:00] e-mensa.INFO: Hauptseite wurde aufgerufen. [] []
[2024-12-20T17:20:05.664585+00:00] e-mensa.INFO: Hauptseite wurde aufgerufen. [] []
[2024-12-20T17:20:07.219074+00:00] e-mensa.INFO: ABMELDUNG [] []
[2024-12-20T17:20:07.243634+00:00] e-mensa.INFO: Hauptseite wurde aufgerufen. [] []
[2024-12-20T17:20:13.108684+00:00] e-mensa.ERROR: ERROR ANMELDUNG - Incorrect password [] []
[2024-12-20T17:22:51.828675+00:00] e-mensa.INFO: Hauptseite wurde aufgerufen. [] []
[2024-12-20T17:23:12.292225+00:00] e-mensa.ERROR: ERROR ANMELDUNG - Incorrect password [] []
[2024-12-20T17:25:48.735461+00:00] e-mensa.ERROR: ERROR ANMELDUNG - Incorrect password [] []
[2024-12-20T17:27:15.833446+00:00] e-mensa.ERROR: ERROR ANMELDUNG - Incorrect password [] []
[2024-12-20T17:29:38.298464+00:00] e-mensa.INFO: Hauptseite wurde aufgerufen. [] []
[2024-12-20T17:30:20.481464+00:00] e-mensa.INFO: ABMELDUNG [] []
[2024-12-20T17:30:20.515372+00:00] e-mensa.INFO: Hauptseite wurde aufgerufen. [] []
[2024-12-20T17:30:29.694743+00:00] e-mensa.ERROR: ERROR ANMELDUNG - Incorrect password [] []
[2024-12-20T17:31:23.261646+00:00] e-mensa.ERROR: ERROR ANMELDUNG - Incorrect password [] []
[2024-12-20T17:33:04.363915+00:00] e-mensa.ERROR: ERROR ANMELDUNG - Incorrect password [] []
[2024-12-20T17:34:51.148834+00:00] e-mensa.ERROR: ERROR ANMELDUNG - Incorrect password [] []
[2024-12-20T18:52:38.181288+00:00] e-mensa.INFO: Hauptseite wurde aufgerufen. [] []
[2024-12-20T18:58:54.548040+00:00] e-mensa.INFO: Hauptseite wurde aufgerufen. [] []
[2024-12-20T18:59:15.476701+00:00] e-mensa.INFO: Hauptseite wurde aufgerufen. [] []
[2024-12-20T19:01:49.433927+00:00] e-mensa.INFO: Hauptseite wurde aufgerufen. [] []
[2024-12-20T19:13:15.592214+00:00] e-mensa.INFO: Hauptseite wurde aufgerufen. [] []
[2024-12-20T19:13:29.301358+00:00] e-mensa.INFO: Hauptseite wurde aufgerufen. [] []
[2024-12-20T19:13:32.760826+00:00] e-mensa.INFO: Hauptseite wurde aufgerufen. [] []
[2024-12-20T19:13:36.331848+00:00] e-mensa.INFO: Hauptseite wurde aufgerufen. [] []
[2024-12-20T19:27:30.345769+00:00] e-mensa.INFO: Hauptseite wurde aufgerufen. [] []
[2024-12-20T20:10:54.701611+00:00] e-mensa.INFO: Hauptseite wurde aufgerufen. [] []
[2024-12-20T20:11:12.034682+00:00] e-mensa.INFO: Hauptseite wurde aufgerufen. [] []
[2024-12-20T20:11:24.417075+00:00] e-mensa.INFO: Hauptseite wurde aufgerufen. [] []
[2024-12-20T20:12:34.605619+00:00] e-mensa.INFO: Hauptseite wurde aufgerufen. [] []
[2024-12-20T20:14:51.797446+00:00] e-mensa.INFO: Hauptseite wurde aufgerufen. [] []
[2024-12-20T20:15:11.586350+00:00] e-mensa.INFO: Hauptseite wurde aufgerufen. [] []
[2024-12-20T20:25:28.322040+00:00] e-mensa.INFO: Hauptseite wurde aufgerufen. [] []
[2024-12-20T20:27:11.595242+00:00] e-mensa.INFO: Hauptseite wurde aufgerufen. [] []
[2024-12-20T20:27:13.593179+00:00] e-mensa.INFO: Hauptseite wurde aufgerufen. [] []
[2024-12-20T20:27:52.173058+00:00] e-mensa.INFO: Hauptseite wurde aufgerufen. [] []
[2024-12-20T20:28:00.946260+00:00] e-mensa.INFO: Hauptseite wurde aufgerufen. [] []
[2024-12-20T20:28:04.182414+00:00] e-mensa.INFO: Hauptseite wurde aufgerufen. [] []
[2024-12-20T20:34:05.124375+00:00] e-mensa.INFO: Hauptseite wurde aufgerufen. [] []
[2024-12-20T20:34:07.067382+00:00] e-mensa.ERROR: SUCCESS ANMELDUNG [] []
[2024-12-20T20:34:07.079029+00:00] e-mensa.INFO: Hauptseite wurde aufgerufen. [] []
[2024-12-20T20:34:09.503340+00:00] e-mensa.INFO: ABMELDUNG [] []
[2024-12-20T20:34:09.515045+00:00] e-mensa.INFO: Hauptseite wurde aufgerufen. [] []
[2024-12-20T20:46:55.014402+00:00] e-mensa.INFO: Hauptseite wurde aufgerufen. [] []
[2024-12-20T20:46:58.632983+00:00] e-mensa.INFO: Hauptseite wurde aufgerufen. [] []
[2024-12-20T20:47:00.381930+00:00] e-mensa.INFO: Hauptseite wurde aufgerufen. [] []
[2024-12-20T20:47:17.889396+00:00] e-mensa.INFO: SUCCESS ANMELDUNG [] []
[2024-12-20T20:47:17.900773+00:00] e-mensa.INFO: Hauptseite wurde aufgerufen. [] []
[2024-12-20T20:47:27.480659+00:00] e-mensa.INFO: ABMELDUNG [] []
[2024-12-20T20:47:27.496538+00:00] e-mensa.INFO: Hauptseite wurde aufgerufen. [] []
[2024-12-20T20:48:14.727304+00:00] e-mensa.INFO: Hauptseite wurde aufgerufen. [] []
[2024-12-20T20:48:18.826645+00:00] e-mensa.INFO: Hauptseite wurde aufgerufen. [] []
[2024-12-20T20:51:31.083220+00:00] e-mensa.INFO: Hauptseite wurde aufgerufen. [] []
[2024-12-20T20:51:33.343611+00:00] e-mensa.INFO: Hauptseite wurde aufgerufen. [] []
[2024-12-20T20:51:37.588573+00:00] e-mensa.INFO: SUCCESS ANMELDUNG [] []
[2024-12-20T20:51:37.604953+00:00] e-mensa.INFO: Hauptseite wurde aufgerufen. [] []
[2024-12-20T20:51:39.207958+00:00] e-mensa.INFO: ABMELDUNG [] []
[2024-12-20T20:51:39.221101+00:00] e-mensa.INFO: Hauptseite wurde aufgerufen. [] []
[2024-12-20T20:53:24.014637+00:00] e-mensa.INFO: Hauptseite wurde aufgerufen. [] []
[2024-12-20T20:56:19.000556+00:00] e-mensa.INFO: Hauptseite wurde aufgerufen. [] []
[2024-12-20T20:56:53.122878+00:00] e-mensa.INFO: Hauptseite wurde aufgerufen. [] []
[2024-12-20T20:57:02.016930+00:00] e-mensa.INFO: Hauptseite wurde aufgerufen. [] []
[2024-12-20T20:57:05.584471+00:00] e-mensa.INFO: Hauptseite wurde aufgerufen. [] []
[2024-12-20T20:57:38.392393+00:00] e-mensa.INFO: Hauptseite wurde aufgerufen. [] []
[2024-12-20T20:57:38.898270+00:00] e-mensa.INFO: Hauptseite wurde aufgerufen. [] []
[2024-12-20T20:57:39.077713+00:00] e-mensa.INFO: Hauptseite wurde aufgerufen. [] []
[2024-12-20T20:57:39.227163+00:00] e-mensa.INFO: Hauptseite wurde aufgerufen. [] []
[2024-12-20T20:57:39.376764+00:00] e-mensa.INFO: Hauptseite wurde aufgerufen. [] []
[2024-12-20T20:58:48.652647+00:00] e-mensa.INFO: Hauptseite wurde aufgerufen. [] []
[2024-12-20T21:00:40.199162+00:00] e-mensa.INFO: Hauptseite wurde aufgerufen. [] []
[2024-12-20T21:01:05.654660+00:00] e-mensa.INFO: Hauptseite wurde aufgerufen. [] []
[2024-12-20T21:01:31.752222+00:00] e-mensa.INFO: Hauptseite wurde aufgerufen. [] []
[2024-12-20T21:02:09.226371+00:00] e-mensa.INFO: Hauptseite wurde aufgerufen. [] []
[2024-12-20T21:02:09.858208+00:00] e-mensa.INFO: Hauptseite wurde aufgerufen. [] []
[2024-12-20T21:02:10.017455+00:00] e-mensa.INFO: Hauptseite wurde aufgerufen. [] []
[2024-12-20T21:02:10.175436+00:00] e-mensa.INFO: Hauptseite wurde aufgerufen. [] []
[2024-12-20T21:02:10.315090+00:00] e-mensa.INFO: Hauptseite wurde aufgerufen. [] []
[2024-12-20T21:02:20.978910+00:00] e-mensa.INFO: Hauptseite wurde aufgerufen. [] []
[2024-12-20T21:02:21.478598+00:00] e-mensa.INFO: Hauptseite wurde aufgerufen. [] []
[2024-12-20T21:02:21.647239+00:00] e-mensa.INFO: Hauptseite wurde aufgerufen. [] []
[2024-12-20T21:02:21.787261+00:00] e-mensa.INFO: Hauptseite wurde aufgerufen. [] []
[2024-12-20T21:02:56.164397+00:00] e-mensa.INFO: Hauptseite wurde aufgerufen. [] []
[2024-12-20T21:02:56.720853+00:00] e-mensa.INFO: Hauptseite wurde aufgerufen. [] []
[2024-12-20T21:02:56.876998+00:00] e-mensa.INFO: Hauptseite wurde aufgerufen. [] []
[2024-12-20T21:03:09.932592+00:00] e-mensa.INFO: Hauptseite wurde aufgerufen. [] []
[2024-12-20T21:03:44.000354+00:00] e-mensa.INFO: Hauptseite wurde aufgerufen. [] []
[2024-12-20T21:03:48.735536+00:00] e-mensa.INFO: SUCCESS ANMELDUNG [] []
[2024-12-20T21:03:48.750971+00:00] e-mensa.INFO: Hauptseite wurde aufgerufen. [] []
[2024-12-20T21:03:50.768392+00:00] e-mensa.INFO: ABMELDUNG [] []
[2024-12-20T21:03:50.783157+00:00] e-mensa.INFO: Hauptseite wurde aufgerufen. [] []
[2024-12-20T21:03:57.798584+00:00] e-mensa.INFO: Hauptseite wurde aufgerufen. [] []
[2024-12-20T21:04:07.024381+00:00] e-mensa.INFO: Hauptseite wurde aufgerufen. [] []
[2024-12-20T21:04:07.294034+00:00] e-mensa.INFO: Hauptseite wurde aufgerufen. [] []
[2024-12-20T21:04:07.453698+00:00] e-mensa.INFO: Hauptseite wurde aufgerufen. [] []
[2025-01-03T16:25:29.775304+00:00] e-mensa.INFO: Hauptseite wurde aufgerufen. [] []
[2025-01-03T16:25:36.073129+00:00] e-mensa.ERROR: ERROR ANMELDUNG [] []
[2025-01-03T16:25:36.928859+00:00] e-mensa.INFO: SUCCESS ANMELDUNG [] []
[2025-01-03T16:25:36.943565+00:00] e-mensa.INFO: Hauptseite wurde aufgerufen. [] []
[2025-01-03T16:25:38.609230+00:00] e-mensa.INFO: ABMELDUNG [] []
[2025-01-03T16:25:38.625415+00:00] e-mensa.INFO: Hauptseite wurde aufgerufen. [] []
[2025-01-03T16:25:41.270360+00:00] e-mensa.ERROR: ERROR ANMELDUNG [] []
[2025-01-03T16:26:43.269303+00:00] e-mensa.INFO: Hauptseite wurde aufgerufen. [] []
[2025-01-03T16:38:10.665690+00:00] e-mensa.ERROR: ERROR ANMELDUNG [] []
[2025-01-03T16:57:42.780156+00:00] e-mensa.INFO: SUCCESS ANMELDUNG [] []
[2025-01-03T16:57:42.794494+00:00] e-mensa.INFO: Hauptseite wurde aufgerufen. [] []
[2025-01-03T16:57:44.081146+00:00] e-mensa.INFO: ABMELDUNG [] []
[2025-01-03T16:57:44.094863+00:00] e-mensa.INFO: Hauptseite wurde aufgerufen. [] []
[2025-01-03T16:57:45.036149+00:00] e-mensa.INFO: Hauptseite wurde aufgerufen. [] []
[2025-01-03T16:57:52.314779+00:00] e-mensa.INFO: Hauptseite wurde aufgerufen. [] []
[2025-01-03T16:57:57.208323+00:00] e-mensa.INFO: Hauptseite wurde aufgerufen. [] []
[2025-01-03T16:58:27.445886+00:00] e-mensa.INFO: Hauptseite wurde aufgerufen. [] []
[2025-01-03T16:58:48.049307+00:00] e-mensa.INFO: Hauptseite wurde aufgerufen. [] []
[2025-01-05T22:05:20.326724+00:00] e-mensa.INFO: Hauptseite wurde aufgerufen. [] []
[2025-01-06T16:33:49.474860+00:00] e-mensa.INFO: Hauptseite wurde aufgerufen. [] []
[2025-01-06T16:34:28.792873+00:00] e-mensa.INFO: Hauptseite wurde aufgerufen. [] []
[2025-01-06T17:23:14.811597+00:00] e-mensa.INFO: Hauptseite wurde aufgerufen. [] []
[2025-01-06T17:28:27.403559+00:00] e-mensa.INFO: Hauptseite wurde aufgerufen. [] []
[2025-01-06T17:31:54.427568+00:00] e-mensa.INFO: Hauptseite wurde aufgerufen. [] []
[2025-01-06T17:33:36.658755+00:00] e-mensa.INFO: Hauptseite wurde aufgerufen. [] []
[2025-01-06T17:33:41.252828+00:00] e-mensa.INFO: Hauptseite wurde aufgerufen. [] []
[2025-01-06T17:39:13.111602+00:00] e-mensa.INFO: Hauptseite wurde aufgerufen. [] []
[2025-01-06T17:42:58.858744+00:00] e-mensa.INFO: Hauptseite wurde aufgerufen. [] []
[2025-01-06T17:43:04.498738+00:00] e-mensa.INFO: Hauptseite wurde aufgerufen. [] []
[2025-01-06T17:43:07.636467+00:00] e-mensa.INFO: Hauptseite wurde aufgerufen. [] []
[2025-01-06T17:43:10.576739+00:00] e-mensa.INFO: Hauptseite wurde aufgerufen. [] []
[2025-01-06T17:43:14.464514+00:00] e-mensa.INFO: Hauptseite wurde aufgerufen. [] []
[2025-01-06T17:43:39.910901+00:00] e-mensa.INFO: Hauptseite wurde aufgerufen. [] []
[2025-01-06T17:43:49.046644+00:00] e-mensa.INFO: Hauptseite wurde aufgerufen. [] []
[2025-01-06T17:47:53.090974+00:00] e-mensa.INFO: Hauptseite wurde aufgerufen. [] []
[2025-01-06T17:47:55.056933+00:00] e-mensa.INFO: Hauptseite wurde aufgerufen. [] []
[2025-01-06T18:00:13.125723+00:00] e-mensa.INFO: Hauptseite wurde aufgerufen. [] []
[2025-01-06T18:00:25.500721+00:00] e-mensa.INFO: Hauptseite wurde aufgerufen. [] []
[2025-01-06T18:00:30.040431+00:00] e-mensa.INFO: Hauptseite wurde aufgerufen. [] []
[2025-01-06T18:00:32.827018+00:00] e-mensa.INFO: Hauptseite wurde aufgerufen. [] []
[2025-01-06T18:00:52.926138+00:00] e-mensa.INFO: Hauptseite wurde aufgerufen. [] []
[2025-01-06T18:00:55.758533+00:00] e-mensa.INFO: Hauptseite wurde aufgerufen. [] []
[2025-01-06T18:00:58.293975+00:00] e-mensa.INFO: Hauptseite wurde aufgerufen. [] []
[2025-01-06T18:01:02.736570+00:00] e-mensa.INFO: Hauptseite wurde aufgerufen. [] []
[2025-01-06T18:01:14.552760+00:00] e-mensa.INFO: Hauptseite wurde aufgerufen. [] []
[2025-01-06T18:01:17.216403+00:00] e-mensa.INFO: Hauptseite wurde aufgerufen. [] []
[2025-01-06T18:01:22.162622+00:00] e-mensa.INFO: Hauptseite wurde aufgerufen. [] []
[2025-01-06T18:01:25.950939+00:00] e-mensa.INFO: Hauptseite wurde aufgerufen. [] []
[2025-01-06T18:01:57.057017+00:00] e-mensa.INFO: Hauptseite wurde aufgerufen. [] []
[2025-01-06T18:01:59.338959+00:00] e-mensa.INFO: Hauptseite wurde aufgerufen. [] []
[2025-01-06T18:02:06.557050+00:00] e-mensa.INFO: Hauptseite wurde aufgerufen. [] []
[2025-01-06T18:03:16.667363+00:00] e-mensa.INFO: Hauptseite wurde aufgerufen. [] []
[2025-01-06T18:03:26.871392+00:00] e-mensa.INFO: Hauptseite wurde aufgerufen. [] []
[2025-01-06T18:03:30.148231+00:00] e-mensa.INFO: Hauptseite wurde aufgerufen. [] []
[2025-01-06T18:03:33.454327+00:00] e-mensa.INFO: Hauptseite wurde aufgerufen. [] []
[2025-01-07T15:53:47.900544+00:00] e-mensa.INFO: Hauptseite wurde aufgerufen. [] []
[2025-01-07T15:53:58.580891+00:00] e-mensa.INFO: Hauptseite wurde aufgerufen. [] []
[2025-01-07T15:54:01.460459+00:00] e-mensa.INFO: SUCCESS ANMELDUNG [] []
[2025-01-07T15:54:01.475904+00:00] e-mensa.INFO: Hauptseite wurde aufgerufen. [] []
[2025-01-07T15:54:04.872367+00:00] e-mensa.INFO: Hauptseite wurde aufgerufen. [] []
[2025-01-07T15:54:06.846294+00:00] e-mensa.INFO: Hauptseite wurde aufgerufen. [] []
[2025-01-07T15:54:11.350759+00:00] e-mensa.INFO: Hauptseite wurde aufgerufen. [] []
[2025-01-07T15:58:14.199437+00:00] e-mensa.INFO: Hauptseite wurde aufgerufen. [] []
[2025-01-07T15:58:29.636992+00:00] e-mensa.INFO: Hauptseite wurde aufgerufen. [] []
[2025-01-07T15:58:31.930741+00:00] e-mensa.INFO: Hauptseite wurde aufgerufen. [] []
[2025-01-07T16:08:04.732106+00:00] e-mensa.INFO: Hauptseite wurde aufgerufen. [] []
[2025-01-07T16:10:01.271640+00:00] e-mensa.INFO: Hauptseite wurde aufgerufen. [] []
[2025-01-07T16:13:14.386281+00:00] e-mensa.INFO: Hauptseite wurde aufgerufen. [] []
[2025-01-07T16:13:26.863002+00:00] e-mensa.INFO: Hauptseite wurde aufgerufen. [] []
[2025-01-07T16:14:18.961954+00:00] e-mensa.INFO: Hauptseite wurde aufgerufen. [] []
[2025-01-07T16:14:19.849928+00:00] e-mensa.INFO: ABMELDUNG [] []
[2025-01-07T16:14:19.861919+00:00] e-mensa.INFO: Hauptseite wurde aufgerufen. [] []
[2025-01-07T16:14:21.631871+00:00] e-mensa.INFO: SUCCESS ANMELDUNG [] []
[2025-01-07T16:14:21.642523+00:00] e-mensa.INFO: Hauptseite wurde aufgerufen. [] []
[2025-01-07T16:15:31.136593+00:00] e-mensa.INFO: Hauptseite wurde aufgerufen. [] []
[2025-01-07T16:15:32.333383+00:00] e-mensa.INFO: Hauptseite wurde aufgerufen. [] []
[2025-01-07T16:15:35.106909+00:00] e-mensa.INFO: Hauptseite wurde aufgerufen. [] []
[2025-01-07T16:22:10.886413+00:00] e-mensa.INFO: Hauptseite wurde aufgerufen. [] []
[2025-01-07T16:26:11.042977+00:00] e-mensa.INFO: Hauptseite wurde aufgerufen. [] []
[2025-01-07T16:27:45.506613+00:00] e-mensa.INFO: Hauptseite wurde aufgerufen. [] []
[2025-01-07T16:27:56.348137+00:00] e-mensa.INFO: Hauptseite wurde aufgerufen. [] []
[2025-01-07T16:27:59.681182+00:00] e-mensa.INFO: Hauptseite wurde aufgerufen. [] []
[2025-01-07T16:28:02.061240+00:00] e-mensa.INFO: Hauptseite wurde aufgerufen. [] []
[2025-01-07T16:29:15.961018+00:00] e-mensa.INFO: Hauptseite wurde aufgerufen. [] []
[2025-01-07T16:29:19.686682+00:00] e-mensa.INFO: Hauptseite wurde aufgerufen. [] []
[2025-01-07T16:29:21.708813+00:00] e-mensa.INFO: Hauptseite wurde aufgerufen. [] []
[2025-01-07T16:33:34.029650+00:00] e-mensa.INFO: Hauptseite wurde aufgerufen. [] []
[2025-01-07T16:33:43.085481+00:00] e-mensa.INFO: Hauptseite wurde aufgerufen. [] []
[2025-01-07T16:33:52.422047+00:00] e-mensa.INFO: Hauptseite wurde aufgerufen. [] []
[2025-01-07T16:33:55.944886+00:00] e-mensa.INFO: Hauptseite wurde aufgerufen. [] []
[2025-01-07T16:40:08.369320+00:00] e-mensa.INFO: Hauptseite wurde aufgerufen. [] []
[2025-01-07T16:49:45.598667+00:00] e-mensa.INFO: Hauptseite wurde aufgerufen. [] []
[2025-01-07T16:49:55.321183+00:00] e-mensa.INFO: Hauptseite wurde aufgerufen. [] []
[2025-01-07T16:50:10.073504+00:00] e-mensa.INFO: Hauptseite wurde aufgerufen. [] []
[2025-01-07T16:53:37.121137+00:00] e-mensa.INFO: Hauptseite wurde aufgerufen. [] []
[2025-01-07T16:53:45.613526+00:00] e-mensa.INFO: Hauptseite wurde aufgerufen. [] []
[2025-01-07T16:53:48.357426+00:00] e-mensa.INFO: Hauptseite wurde aufgerufen. [] []
[2025-01-07T17:00:47.765596+00:00] e-mensa.INFO: ABMELDUNG [] []
[2025-01-07T17:00:47.777841+00:00] e-mensa.INFO: Hauptseite wurde aufgerufen. [] []
[2025-01-07T17:01:05.542153+00:00] e-mensa.INFO: SUCCESS ANMELDUNG [] []
[2025-01-07T17:01:05.557221+00:00] e-mensa.INFO: Hauptseite wurde aufgerufen. [] []
[2025-01-07T17:01:15.583213+00:00] e-mensa.INFO: ABMELDUNG [] []
[2025-01-07T17:01:15.600874+00:00] e-mensa.INFO: Hauptseite wurde aufgerufen. [] []
[2025-01-07T17:01:18.747887+00:00] e-mensa.INFO: SUCCESS ANMELDUNG [] []
[2025-01-07T17:01:18.762562+00:00] e-mensa.INFO: Hauptseite wurde aufgerufen. [] []
[2025-01-07T17:01:24.254112+00:00] e-mensa.INFO: Hauptseite wurde aufgerufen. [] []
[2025-01-07T17:01:27.263413+00:00] e-mensa.INFO: Hauptseite wurde aufgerufen. [] []
[2025-01-07T17:01:37.101599+00:00] e-mensa.INFO: Hauptseite wurde aufgerufen. [] []
[2025-01-07T17:01:39.851659+00:00] e-mensa.INFO: Hauptseite wurde aufgerufen. [] []
[2025-01-07T17:01:41.855271+00:00] e-mensa.INFO: Hauptseite wurde aufgerufen. [] []
[2025-01-07T17:01:44.063026+00:00] e-mensa.INFO: Hauptseite wurde aufgerufen. [] []
[2025-01-07T17:01:46.655432+00:00] e-mensa.INFO: Hauptseite wurde aufgerufen. [] []
[2025-01-07T17:04:08.640828+00:00] e-mensa.INFO: Hauptseite wurde aufgerufen. [] []
[2025-01-07T17:04:10.777982+00:00] e-mensa.INFO: ABMELDUNG [] []
[2025-01-07T17:04:10.794805+00:00] e-mensa.INFO: Hauptseite wurde aufgerufen. [] []
[2025-01-07T17:05:01.849770+00:00] e-mensa.INFO: Hauptseite wurde aufgerufen. [] []
[2025-01-07T17:05:19.447441+00:00] e-mensa.INFO: Hauptseite wurde aufgerufen. [] []
[2025-01-07T17:08:40.091313+00:00] e-mensa.INFO: Hauptseite wurde aufgerufen. [] []
[2025-01-07T17:08:51.440587+00:00] e-mensa.INFO: Hauptseite wurde aufgerufen. [] []
[2025-01-07T17:09:01.327999+00:00] e-mensa.INFO: Hauptseite wurde aufgerufen. [] []
[2025-01-07T17:09:03.917364+00:00] e-mensa.INFO: Hauptseite wurde aufgerufen. [] []
[2025-01-07T17:09:52.631716+00:00] e-mensa.INFO: Hauptseite wurde aufgerufen. [] []
[2025-01-07T17:10:03.555438+00:00] e-mensa.INFO: Hauptseite wurde aufgerufen. [] []
[2025-01-07T17:10:05.589302+00:00] e-mensa.INFO: SUCCESS ANMELDUNG [] []
[2025-01-07T17:10:05.600763+00:00] e-mensa.INFO: Hauptseite wurde aufgerufen. [] []
[2025-01-07T17:10:12.584019+00:00] e-mensa.INFO: Hauptseite wurde aufgerufen. [] []
[2025-01-07T17:10:16.984369+00:00] e-mensa.INFO: Hauptseite wurde aufgerufen. [] []
[2025-01-07T17:10:20.337799+00:00] e-mensa.INFO: Hauptseite wurde aufgerufen. [] []
[2025-01-09T21:16:02.007176+00:00] e-mensa.INFO: Hauptseite wurde aufgerufen. [] []
[2025-01-09T21:16:23.213246+00:00] e-mensa.INFO: Hauptseite wurde aufgerufen. [] []
[2025-01-09T21:18:03.923944+00:00] e-mensa.INFO: Hauptseite wurde aufgerufen. [] []
[2025-01-09T21:18:31.913632+00:00] e-mensa.INFO: SUCCESS ANMELDUNG [] []
[2025-01-09T21:18:31.925687+00:00] e-mensa.INFO: Hauptseite wurde aufgerufen. [] []
[2025-01-09T21:29:14.823783+00:00] e-mensa.INFO: Hauptseite wurde aufgerufen. [] []
[2025-01-09T21:29:17.113810+00:00] e-mensa.INFO: Hauptseite wurde aufgerufen. [] []
[2025-01-09T21:29:40.443737+00:00] e-mensa.INFO: ABMELDUNG [] []
[2025-01-09T21:29:40.456678+00:00] e-mensa.INFO: Hauptseite wurde aufgerufen. [] []
[2025-01-09T21:29:51.972551+00:00] e-mensa.INFO: SUCCESS ANMELDUNG [] []
[2025-01-09T21:29:51.983705+00:00] e-mensa.INFO: Hauptseite wurde aufgerufen. [] []
[2025-01-09T21:30:42.183497+00:00] e-mensa.INFO: Hauptseite wurde aufgerufen. [] []
[2025-01-09T22:15:51.244195+00:00] e-mensa.INFO: Hauptseite wurde aufgerufen. [] []
[2025-01-09T22:15:52.720933+00:00] e-mensa.INFO: ABMELDUNG [] []
[2025-01-09T22:15:52.733060+00:00] e-mensa.INFO: Hauptseite wurde aufgerufen. [] []
[2025-01-09T22:16:16.811400+00:00] e-mensa.ERROR: ERROR ANMELDUNG [] []
[2025-01-09T22:16:21.394385+00:00] e-mensa.INFO: SUCCESS ANMELDUNG [] []
[2025-01-09T22:16:21.406202+00:00] e-mensa.INFO: Hauptseite wurde aufgerufen. [] []
[2025-01-09T22:18:33.100697+00:00] e-mensa.INFO: Hauptseite wurde aufgerufen. [] []
[2025-01-09T22:21:51.174901+00:00] e-mensa.INFO: Hauptseite wurde aufgerufen. [] []
[2025-01-09T22:22:47.957988+00:00] e-mensa.INFO: Hauptseite wurde aufgerufen. [] []
[2025-01-09T22:22:48.874299+00:00] e-mensa.INFO: ABMELDUNG [] []
[2025-01-09T22:22:48.886263+00:00] e-mensa.INFO: Hauptseite wurde aufgerufen. [] []
[2025-01-09T22:22:54.060099+00:00] e-mensa.INFO: SUCCESS ANMELDUNG [] []
[2025-01-09T22:22:54.073537+00:00] e-mensa.INFO: Hauptseite wurde aufgerufen. [] []
[2025-01-09T22:59:11.133527+00:00] e-mensa.INFO: Hauptseite wurde aufgerufen. [] []
[2025-01-09T22:59:13.277983+00:00] e-mensa.INFO: Hauptseite wurde aufgerufen. [] []
[2025-01-09T23:00:26.754558+00:00] e-mensa.INFO: Hauptseite wurde aufgerufen. [] []
[2025-01-09T23:00:34.048508+00:00] e-mensa.INFO: ABMELDUNG [] []
[2025-01-09T23:00:34.059901+00:00] e-mensa.INFO: Hauptseite wurde aufgerufen. [] []
[2025-01-09T23:00:45.881646+00:00] e-mensa.INFO: User logged in successfully {"user_id":1,"email":"admin@emensawerbeseite.example"} []
[2025-01-09T23:00:45.894880+00:00] e-mensa.INFO: Hauptseite wurde aufgerufen. [] []
[2025-01-09T23:00:56.891321+00:00] e-mensa.INFO: Hauptseite wurde aufgerufen. [] []
[2025-01-09T23:01:07.228683+00:00] e-mensa.INFO: Hauptseite wurde aufgerufen. [] []
[2025-01-09T23:01:30.663467+00:00] e-mensa.INFO: ABMELDUNG [] []
[2025-01-09T23:01:30.675898+00:00] e-mensa.INFO: Hauptseite wurde aufgerufen. [] []
[2025-01-09T23:01:32.971870+00:00] e-mensa.INFO: Hauptseite wurde aufgerufen. [] []
[2025-01-09T23:01:44.978871+00:00] e-mensa.INFO: User logged in successfully {"user_id":1,"email":"admin@emensawerbeseite.example"} []
[2025-01-09T23:01:44.991440+00:00] e-mensa.INFO: Hauptseite wurde aufgerufen. [] []
[2025-01-09T23:02:07.661285+00:00] e-mensa.INFO: Hauptseite wurde aufgerufen. [] []
[2025-01-09T23:08:02.734094+00:00] e-mensa.INFO: Hauptseite wurde aufgerufen. [] []
[2025-01-09T23:09:53.200771+00:00] e-mensa.INFO: Hauptseite wurde aufgerufen. [] []
[2025-01-09T23:10:13.581389+00:00] e-mensa.INFO: Hauptseite wurde aufgerufen. [] []
[2025-01-09T23:13:40.668673+00:00] e-mensa.INFO: ABMELDUNG [] []
[2025-01-09T23:13:40.681126+00:00] e-mensa.INFO: Hauptseite wurde aufgerufen. [] []
[2025-01-09T23:13:46.663439+00:00] e-mensa.INFO: User logged in successfully {"user_id":2,"email":"user@example.com"} []
[2025-01-09T23:13:46.676697+00:00] e-mensa.INFO: Hauptseite wurde aufgerufen. [] []
[2025-01-09T23:14:16.530970+00:00] e-mensa.INFO: ABMELDUNG [] []
[2025-01-09T23:14:16.542554+00:00] e-mensa.INFO: Hauptseite wurde aufgerufen. [] []
[2025-01-09T23:14:27.053841+00:00] e-mensa.INFO: User logged in successfully {"user_id":1,"email":"admin@emensawerbeseite.example"} []
[2025-01-09T23:14:27.066824+00:00] e-mensa.INFO: Hauptseite wurde aufgerufen. [] []
[2025-01-09T23:16:26.373542+00:00] e-mensa.INFO: Hauptseite wurde aufgerufen. [] []
[2025-01-09T23:16:59.531573+00:00] e-mensa.INFO: Hauptseite wurde aufgerufen. [] []
[2025-01-09T23:17:15.567257+00:00] e-mensa.INFO: Hauptseite wurde aufgerufen. [] []
[2025-01-09T23:18:43.287945+00:00] e-mensa.INFO: Hauptseite wurde aufgerufen. [] []
[2025-01-09T23:19:19.725909+00:00] e-mensa.INFO: Hauptseite wurde aufgerufen. [] []
[2025-01-09T23:23:50.574276+00:00] e-mensa.INFO: Hauptseite wurde aufgerufen. [] []
[2025-01-09T23:29:15.652220+00:00] e-mensa.INFO: Hauptseite wurde aufgerufen. [] []
[2025-01-09T23:29:28.457215+00:00] e-mensa.INFO: Hauptseite wurde aufgerufen. [] []
[2025-01-09T23:29:40.604289+00:00] e-mensa.INFO: Hauptseite wurde aufgerufen. [] []
[2025-01-09T23:34:49.669957+00:00] e-mensa.INFO: Hauptseite wurde aufgerufen. [] []
[2025-01-09T23:39:22.788920+00:00] e-mensa.INFO: Hauptseite wurde aufgerufen. [] []
[2025-01-09T23:39:48.674969+00:00] e-mensa.INFO: Hauptseite wurde aufgerufen. [] []
[2025-01-09T23:39:50.022209+00:00] e-mensa.INFO: Hauptseite wurde aufgerufen. [] []
[2025-01-09T23:42:43.857076+00:00] e-mensa.INFO: Hauptseite wurde aufgerufen. [] []
[2025-01-09T23:42:52.186981+00:00] e-mensa.INFO: Highlighting Rating Request Received {"user_id":1,"admin":1,"rating_id":""} []
[2025-01-09T23:42:52.188045+00:00] e-mensa.WARNING: Highlighting Failed: Missing Rating ID {"rating_id":""} []
[2025-01-09T23:42:52.715752+00:00] e-mensa.INFO: Highlighting Rating Request Received {"user_id":1,"admin":1,"rating_id":""} []
[2025-01-09T23:42:52.716825+00:00] e-mensa.WARNING: Highlighting Failed: Missing Rating ID {"rating_id":""} []
[2025-01-09T23:42:56.088889+00:00] e-mensa.INFO: Hauptseite wurde aufgerufen. [] []
[2025-01-09T23:43:04.159242+00:00] e-mensa.INFO: Highlighting Rating Request Received {"user_id":1,"admin":1,"rating_id":""} []
[2025-01-09T23:43:04.160355+00:00] e-mensa.WARNING: Highlighting Failed: Missing Rating ID {"rating_id":""} []
[2025-01-09T23:43:07.052261+00:00] e-mensa.INFO: Hauptseite wurde aufgerufen. [] []
[2025-01-09T23:43:39.623885+00:00] e-mensa.INFO: Hauptseite wurde aufgerufen. [] []
[2025-01-09T23:43:42.550954+00:00] e-mensa.INFO: Highlighting Rating Request Received {"user_id":1,"admin":1,"rating_id":""} []
[2025-01-09T23:43:42.552054+00:00] e-mensa.WARNING: Highlighting Failed: Missing Rating ID {"rating_id":""} []
[2025-01-09T23:46:58.479434+00:00] e-mensa.INFO: Hauptseite wurde aufgerufen. [] []
[2025-01-09T23:46:59.775312+00:00] e-mensa.INFO: Generated Link {"rating_id":null} []
[2025-01-09T23:46:59.776360+00:00] e-mensa.INFO: Generated Link {"rating_id":null} []
[2025-01-09T23:49:16.738214+00:00] e-mensa.INFO: Hauptseite wurde aufgerufen. [] []
[2025-01-09T23:49:19.941961+00:00] e-mensa.INFO: Highlighting Rating Request Received {"user_id":1,"admin":1,"rating_id":"4"} []
[2025-01-09T23:52:04.543473+00:00] e-mensa.INFO: Hauptseite wurde aufgerufen. [] []
[2025-01-09T23:52:07.233583+00:00] e-mensa.INFO: Highlighting Rating Request Received {"user_id":1,"admin":1,"rating_id":"7"} []
[2025-01-09T23:52:07.260658+00:00] e-mensa.ERROR: Highlighting Failed: Database Update Error {"rating_id":"7"} []
[2025-01-09T23:52:08.310644+00:00] e-mensa.INFO: Highlighting Rating Request Received {"user_id":1,"admin":1,"rating_id":"4"} []
[2025-01-09T23:52:12.938880+00:00] e-mensa.INFO: Hauptseite wurde aufgerufen. [] []
[2025-01-09T23:52:14.842972+00:00] e-mensa.INFO: Highlighting Rating Request Received {"user_id":1,"admin":1,"rating_id":"7"} []
[2025-01-09T23:54:24.772369+00:00] e-mensa.INFO: Hauptseite wurde aufgerufen. [] []
[2025-01-09T23:54:28.253821+00:00] e-mensa.INFO: Highlighting Rating Request Received {"user_id":1,"admin":1,"rating_id":"4"} []
[2025-01-09T23:54:28.269272+00:00] e-mensa.INFO: Highlighting skipped: Rating already highlighted or does not exist. {"rating_id":"4"} []
[2025-01-09T23:54:29.129797+00:00] e-mensa.INFO: Highlighting Rating Request Received {"user_id":1,"admin":1,"rating_id":"7"} []
[2025-01-09T23:54:29.155971+00:00] e-mensa.INFO: Highlighting skipped: Rating already highlighted or does not exist. {"rating_id":"7"} []
[2025-01-09T23:54:39.453857+00:00] e-mensa.INFO: Highlighting Rating Request Received {"user_id":1,"admin":1,"rating_id":"8"} []
[2025-01-09T23:54:40.177577+00:00] e-mensa.INFO: Highlighting Rating Request Received {"user_id":1,"admin":1,"rating_id":"8"} []
[2025-01-09T23:54:40.196010+00:00] e-mensa.INFO: Highlighting skipped: Rating already highlighted or does not exist. {"rating_id":"8"} []
[2025-01-09T23:54:45.154535+00:00] e-mensa.INFO: Hauptseite wurde aufgerufen. [] []
[2025-01-10T00:15:19.281752+00:00] e-mensa.INFO: Hauptseite wurde aufgerufen. [] []
[2025-01-10T00:18:22.058387+00:00] e-mensa.INFO: Hauptseite wurde aufgerufen. [] []
[2025-01-10T00:18:30.473065+00:00] e-mensa.INFO: Highlighting Rating Request Received {"user_id":1,"admin":1,"rating_id":"9"} []
[2025-01-10T00:18:37.284279+00:00] e-mensa.INFO: Hauptseite wurde aufgerufen. [] []
[2025-01-10T00:20:05.641223+00:00] e-mensa.INFO: Highlighting Rating Request Received {"user_id":1,"admin":1,"rating_id":"7"} []
[2025-01-10T00:20:05.669089+00:00] e-mensa.INFO: Highlighting skipped: Rating already highlighted or does not exist. {"rating_id":"7"} []
[2025-01-10T00:20:09.574798+00:00] e-mensa.INFO: Hauptseite wurde aufgerufen. [] []
[2025-01-10T00:20:11.500015+00:00] e-mensa.INFO: Hauptseite wurde aufgerufen. [] []
[2025-01-10T00:20:19.363074+00:00] e-mensa.INFO: Hauptseite wurde aufgerufen. [] []
[2025-01-10T12:07:04.866853+00:00] e-mensa.INFO: Hauptseite wurde aufgerufen. [] []
[2025-01-10T12:07:27.440477+00:00] e-mensa.INFO: User logged in successfully {"user_id":1,"email":"admin@emensawerbeseite.example"} []
[2025-01-10T12:07:27.453846+00:00] e-mensa.INFO: Hauptseite wurde aufgerufen. [] []
[2025-01-10T12:07:31.073033+00:00] e-mensa.INFO: Highlighting Rating Request Received {"user_id":1,"admin":1,"rating_id":"8"} []
[2025-01-10T12:07:32.027303+00:00] e-mensa.INFO: Highlighting Rating Request Received {"user_id":1,"admin":1,"rating_id":"7"} []
[2025-01-10T12:07:39.111456+00:00] e-mensa.INFO: Hauptseite wurde aufgerufen. [] []
[2025-01-10T16:34:29.307879+00:00] e-mensa.INFO: Hauptseite wurde aufgerufen. [] []
[2025-01-10T16:35:12.542399+00:00] e-mensa.INFO: Hauptseite wurde aufgerufen. [] []
[2025-01-10T16:36:17.176367+00:00] e-mensa.INFO: Hauptseite wurde aufgerufen. [] []
[2025-01-10T19:12:14.766610+00:00] e-mensa.INFO: Hauptseite wurde aufgerufen. [] []
[2025-01-10T19:12:25.041497+00:00] e-mensa.INFO: User logged in successfully {"user_id":2,"email":"user@example.com"} []
[2025-01-10T19:12:25.053792+00:00] e-mensa.INFO: Hauptseite wurde aufgerufen. [] []
[2025-01-10T19:12:31.448112+00:00] e-mensa.INFO: Hauptseite wurde aufgerufen. [] []
[2025-01-10T19:12:34.223203+00:00] e-mensa.INFO: Hauptseite wurde aufgerufen. [] []
[2025-01-10T19:13:16.151047+00:00] e-mensa.INFO: Hauptseite wurde aufgerufen. [] []
[2025-01-10T19:13:44.828967+00:00] e-mensa.INFO: Hauptseite wurde aufgerufen. [] []
[2025-01-10T19:13:47.509008+00:00] e-mensa.INFO: Hauptseite wurde aufgerufen. [] []
[2025-01-10T19:14:00.490798+00:00] e-mensa.INFO: Hauptseite wurde aufgerufen. [] []
[2025-01-10T19:14:02.974042+00:00] e-mensa.INFO: ABMELDUNG [] []
[2025-01-10T19:14:02.985244+00:00] e-mensa.INFO: Hauptseite wurde aufgerufen. [] []
[2025-01-10T19:14:15.666048+00:00] e-mensa.WARNING: Failed login attempt: Incorrect password {"user_id":1,"email":"admin@emensawerbeseite.example"} []
[2025-01-10T19:14:15.667888+00:00] e-mensa.ERROR: Login failed {"email":"admin@emensawerbeseite.example","reason":"Ungültiges Passwort."} []
[2025-01-10T19:14:28.314654+00:00] e-mensa.WARNING: Failed login attempt: Incorrect password {"user_id":1,"email":"admin@emensawerbeseite.example"} []
[2025-01-10T19:14:28.315865+00:00] e-mensa.ERROR: Login failed {"email":"admin@emensawerbeseite.example","reason":"Ungültiges Passwort."} []
[2025-01-10T19:14:38.861353+00:00] e-mensa.INFO: User logged in successfully {"user_id":1,"email":"admin@emensawerbeseite.example"} []
[2025-01-10T19:14:38.874650+00:00] e-mensa.INFO: Hauptseite wurde aufgerufen. [] []
[2025-01-10T19:14:48.075401+00:00] e-mensa.INFO: Hauptseite wurde aufgerufen. [] []
[2025-01-10T20:05:27.765748+00:00] e-mensa.INFO: Hauptseite wurde aufgerufen. [] []
[2025-01-10T20:05:29.839718+00:00] e-mensa.INFO: ABMELDUNG [] []
[2025-01-10T20:05:29.854145+00:00] e-mensa.INFO: Hauptseite wurde aufgerufen. [] []
[2025-01-15T21:11:28.909109+00:00] e-mensa.INFO: Hauptseite wurde aufgerufen. [] []
[2025-01-15T21:12:47.644554+00:00] e-mensa.INFO: Hauptseite wurde aufgerufen. [] []
[2025-01-15T21:13:09.113398+00:00] e-mensa.INFO: Hauptseite wurde aufgerufen. [] []
[2025-01-15T21:14:06.047419+00:00] e-mensa.INFO: Hauptseite wurde aufgerufen. [] []
[2025-01-15T21:17:35.512148+00:00] e-mensa.INFO: Hauptseite wurde aufgerufen. [] []
[2025-01-15T21:37:40.306226+00:00] e-mensa.INFO: Hauptseite wurde aufgerufen. [] []
[2025-01-15T21:37:47.863377+00:00] e-mensa.INFO: Hauptseite wurde aufgerufen. [] []
[2025-01-15T21:38:39.530775+00:00] e-mensa.INFO: Hauptseite wurde aufgerufen. [] []
[2025-01-15T21:38:41.399185+00:00] e-mensa.INFO: ABMELDUNG [] []
[2025-01-15T21:38:41.416529+00:00] e-mensa.INFO: Hauptseite wurde aufgerufen. [] []
[2025-01-15T21:38:45.248011+00:00] e-mensa.INFO: User logged in successfully {"user_id":1,"email":"admin@emensa.example"} []
[2025-01-15T21:38:45.264648+00:00] e-mensa.INFO: Hauptseite wurde aufgerufen. [] []
[2025-01-15T21:38:49.768063+00:00] e-mensa.INFO: Highlighting Rating Request Received {"user_id":1,"admin":1,"rating_id":"4"} []
[2025-01-15T21:38:52.224131+00:00] e-mensa.INFO: Highlighting Rating Request Received {"user_id":1,"admin":1,"rating_id":"2"} []
[2025-01-15T21:38:53.291135+00:00] e-mensa.INFO: Highlighting Rating Request Received {"user_id":1,"admin":1,"rating_id":"1"} []
[2025-01-15T21:39:01.470072+00:00] e-mensa.INFO: Hauptseite wurde aufgerufen. [] []
[2025-01-15T21:39:01.895771+00:00] e-mensa.INFO: Hauptseite wurde aufgerufen. [] []
[2025-01-15T23:12:34.556134+00:00] e-mensa.INFO: Hauptseite wurde aufgerufen. [] []
[2025-01-15T23:12:38.164308+00:00] e-mensa.INFO: User logged in successfully {"user_id":1,"email":"admin@emensa.example"} []
[2025-01-15T23:12:38.175618+00:00] e-mensa.INFO: Hauptseite wurde aufgerufen. [] []
[2025-01-15T23:13:20.263771+00:00] e-mensa.INFO: Hauptseite wurde aufgerufen. [] []
[2025-01-15T23:13:56.633760+00:00] e-mensa.INFO: Hauptseite wurde aufgerufen. [] []
[2025-01-15T23:14:44.391232+00:00] e-mensa.INFO: Hauptseite wurde aufgerufen. [] []
[2025-01-16T11:18:00.756221+00:00] e-mensa.INFO: Hauptseite wurde aufgerufen. [] []
[2025-01-16T11:18:17.546328+00:00] e-mensa.INFO: User logged in successfully {"user_id":3,"email":"user@emensa.com"} []
[2025-01-16T11:18:17.560759+00:00] e-mensa.INFO: Hauptseite wurde aufgerufen. [] []
[2025-01-16T11:18:21.735340+00:00] e-mensa.INFO: ABMELDUNG [] []
[2025-01-16T11:18:21.755631+00:00] e-mensa.INFO: Hauptseite wurde aufgerufen. [] []
[2025-01-16T11:18:24.660999+00:00] e-mensa.INFO: User logged in successfully {"user_id":3,"email":"user@emensa.com"} []
[2025-01-16T11:18:24.676734+00:00] e-mensa.INFO: Hauptseite wurde aufgerufen. [] []
[2025-01-16T11:19:00.357924+00:00] e-mensa.INFO: Hauptseite wurde aufgerufen. [] []
[2025-01-16T11:21:30.249793+00:00] e-mensa.INFO: ABMELDUNG [] []
[2025-01-16T11:21:30.266339+00:00] e-mensa.INFO: Hauptseite wurde aufgerufen. [] []
[2025-01-16T11:21:33.098924+00:00] e-mensa.INFO: User logged in successfully {"user_id":3,"email":"user@emensa.com"} []
[2025-01-16T11:21:33.114313+00:00] e-mensa.INFO: Hauptseite wurde aufgerufen. [] []
[2025-01-16T11:21:41.931010+00:00] e-mensa.INFO: ABMELDUNG [] []
[2025-01-16T11:21:41.949463+00:00] e-mensa.INFO: Hauptseite wurde aufgerufen. [] []
[2025-01-16T11:27:16.500619+00:00] e-mensa.INFO: Hauptseite wurde aufgerufen. [] []
[2025-01-16T11:27:21.157916+00:00] e-mensa.INFO: User logged in successfully {"user_id":1,"email":"admin@emensa.example"} []
[2025-01-16T11:27:21.177970+00:00] e-mensa.INFO: Hauptseite wurde aufgerufen. [] []
[2025-01-16T11:27:25.880533+00:00] e-mensa.INFO: Highlighting Rating Request Received {"user_id":1,"admin":1,"rating_id":"1"} []
[2025-01-16T11:27:30.405038+00:00] e-mensa.INFO: Hauptseite wurde aufgerufen. [] []
[2025-01-16T11:29:31.082461+00:00] e-mensa.INFO: Hauptseite wurde aufgerufen. [] []
[2025-01-16T11:29:33.905071+00:00] e-mensa.INFO: Highlighting Rating Request Received {"user_id":1,"admin":1,"rating_id":"1"} []
[2025-01-16T11:29:36.472335+00:00] e-mensa.INFO: Hauptseite wurde aufgerufen. [] []
[2025-01-16T11:35:09.417729+00:00] e-mensa.INFO: Hauptseite wurde aufgerufen. [] []
[2025-01-16T11:35:55.566649+00:00] e-mensa.INFO: Hauptseite wurde aufgerufen. [] []
[2025-01-16T11:36:21.839848+00:00] e-mensa.INFO: Hauptseite wurde aufgerufen. [] []
[2025-01-16T11:36:40.954622+00:00] e-mensa.INFO: Hauptseite wurde aufgerufen. [] []
[2025-01-16T11:40:07.241658+00:00] e-mensa.INFO: Hauptseite wurde aufgerufen. [] []
[2025-01-16T11:43:49.385789+00:00] e-mensa.INFO: Hauptseite wurde aufgerufen. [] []
[2025-01-16T11:56:31.272825+00:00] e-mensa.INFO: ABMELDUNG [] []
[2025-01-16T11:56:31.289716+00:00] e-mensa.INFO: Hauptseite wurde aufgerufen. [] []
[2025-01-16T12:04:16.054348+00:00] e-mensa.INFO: Hauptseite wurde aufgerufen. [] []
[2025-01-16T12:04:18.508193+00:00] e-mensa.INFO: Hauptseite wurde aufgerufen. [] []
[2025-01-16T12:04:20.460537+00:00] e-mensa.INFO: Hauptseite wurde aufgerufen. [] []
[2025-01-16T12:04:24.733723+00:00] e-mensa.INFO: Hauptseite wurde aufgerufen. [] []
[2025-01-16T12:04:34.009457+00:00] e-mensa.INFO: Hauptseite wurde aufgerufen. [] []
[2025-01-16T12:08:06.980168+00:00] e-mensa.INFO: Hauptseite wurde aufgerufen. [] []
[2025-01-16T12:08:11.040719+00:00] e-mensa.INFO: User logged in successfully {"user_id":1,"email":"admin@emensa.example"} []
[2025-01-16T12:08:11.056656+00:00] e-mensa.INFO: Hauptseite wurde aufgerufen. [] []
[2025-01-16T12:08:12.627192+00:00] e-mensa.INFO: ABMELDUNG [] []
[2025-01-16T12:08:12.646392+00:00] e-mensa.INFO: Hauptseite wurde aufgerufen. [] []
[2025-01-16T12:08:37.269445+00:00] e-mensa.INFO: User logged in successfully {"user_id":1,"email":"admin@emensa.example"} []
[2025-01-16T12:08:37.284484+00:00] e-mensa.INFO: Hauptseite wurde aufgerufen. [] []
[2025-01-16T12:08:40.080939+00:00] e-mensa.INFO: ABMELDUNG [] []
[2025-01-16T12:08:40.097882+00:00] e-mensa.INFO: Hauptseite wurde aufgerufen. [] []
[2025-01-16T12:08:51.982134+00:00] e-mensa.INFO: Hauptseite wurde aufgerufen. [] []
[2025-01-16T12:09:13.924675+00:00] e-mensa.INFO: Hauptseite wurde aufgerufen. [] []
[2025-01-16T12:13:31.299386+00:00] e-mensa.INFO: Hauptseite wurde aufgerufen. [] []
[2025-01-16T12:13:34.477438+00:00] e-mensa.INFO: User logged in successfully {"user_id":1,"email":"admin@emensa.example"} []
[2025-01-16T12:13:34.491944+00:00] e-mensa.INFO: Hauptseite wurde aufgerufen. [] []
[2025-01-16T12:13:40.427648+00:00] e-mensa.INFO: Hauptseite wurde aufgerufen. [] []
[2025-01-16T12:15:01.871691+00:00] e-mensa.INFO: Hauptseite wurde aufgerufen. [] []
[2025-01-16T12:15:05.213872+00:00] e-mensa.INFO: ABMELDUNG [] []
[2025-01-16T12:15:05.230849+00:00] e-mensa.INFO: Hauptseite wurde aufgerufen. [] []
[2025-01-16T12:15:07.654688+00:00] e-mensa.INFO: Hauptseite wurde aufgerufen. [] []
[2025-01-16T12:15:49.284332+00:00] e-mensa.INFO: Hauptseite wurde aufgerufen. [] []
[2025-01-16T12:15:53.980246+00:00] e-mensa.INFO: Hauptseite wurde aufgerufen. [] []
[2025-01-16T12:16:57.600267+00:00] e-mensa.INFO: Hauptseite wurde aufgerufen. [] []
[2025-01-16T12:17:00.872632+00:00] e-mensa.INFO: Hauptseite wurde aufgerufen. [] []
[2025-01-16T12:19:38.497429+00:00] e-mensa.INFO: Hauptseite wurde aufgerufen. [] []
[2025-01-16T12:19:41.320494+00:00] e-mensa.INFO: User logged in successfully {"user_id":1,"email":"admin@emensa.example"} []
[2025-01-16T12:19:41.334242+00:00] e-mensa.INFO: Hauptseite wurde aufgerufen. [] []
[2025-01-16T12:19:46.926850+00:00] e-mensa.INFO: ABMELDUNG [] []
[2025-01-16T12:19:46.945727+00:00] e-mensa.INFO: Hauptseite wurde aufgerufen. [] []
[2025-01-16T12:19:49.707350+00:00] e-mensa.INFO: User logged in successfully {"user_id":1,"email":"admin@emensa.example"} []
[2025-01-16T12:19:49.725880+00:00] e-mensa.INFO: Hauptseite wurde aufgerufen. [] []
[2025-01-16T12:20:07.940938+00:00] e-mensa.INFO: Hauptseite wurde aufgerufen. [] []
[2025-01-16T12:20:09.568832+00:00] e-mensa.INFO: ABMELDUNG [] []
[2025-01-16T12:20:09.587108+00:00] e-mensa.INFO: Hauptseite wurde aufgerufen. [] []
[2025-01-16T12:27:03.410601+00:00] e-mensa.INFO: Hauptseite wurde aufgerufen. [] []
[2025-01-16T12:27:05.995429+00:00] e-mensa.INFO: User logged in successfully {"user_id":1,"email":"admin@emensa.example"} []
[2025-01-16T12:27:06.010050+00:00] e-mensa.INFO: Hauptseite wurde aufgerufen. [] []
[2025-01-16T12:27:18.392479+00:00] e-mensa.INFO: Hauptseite wurde aufgerufen. [] []
[2025-01-16T12:28:43.849850+00:00] e-mensa.INFO: Hauptseite wurde aufgerufen. [] []
[2025-01-16T12:28:47.669566+00:00] e-mensa.INFO: Hauptseite wurde aufgerufen. [] []
[2025-01-16T12:28:55.020939+00:00] e-mensa.INFO: Hauptseite wurde aufgerufen. [] []
[2025-01-16T12:29:04.114246+00:00] e-mensa.INFO: Hauptseite wurde aufgerufen. [] []
[2025-01-16T12:29:17.930552+00:00] e-mensa.INFO: Highlighting Rating Request Received {"user_id":1,"admin":1,"rating_id":"2"} []
[2025-01-16T12:29:20.793934+00:00] e-mensa.INFO: Hauptseite wurde aufgerufen. [] []
[2025-01-16T12:29:24.531611+00:00] e-mensa.INFO: Hauptseite wurde aufgerufen. [] []
[2025-01-16T12:29:42.014311+00:00] e-mensa.INFO: Hauptseite wurde aufgerufen. [] []
[2025-04-30T08:38:28.726387+00:00] e-mensa.INFO: Hauptseite wurde aufgerufen. [] []
[2025-04-30T08:38:40.429324+00:00] e-mensa.INFO: User logged in successfully {"user_id":1,"email":"admin@emensa.example"} []
[2025-04-30T08:38:40.443750+00:00] e-mensa.INFO: Hauptseite wurde aufgerufen. [] []
[2025-04-30T08:38:44.046470+00:00] e-mensa.INFO: ABMELDUNG [] []
[2025-04-30T08:38:44.064647+00:00] e-mensa.INFO: Hauptseite wurde aufgerufen. [] []
[2025-04-30T09:06:05.125244+00:00] e-mensa.INFO: Hauptseite wurde aufgerufen. [] []
[2025-04-30T09:08:48.339116+00:00] e-mensa.INFO: Hauptseite wurde aufgerufen. [] []
[2025-04-30T09:10:16.300795+00:00] e-mensa.INFO: User logged in successfully {"user_id":1,"email":"admin@emensa.example"} []
[2025-04-30T09:10:16.319163+00:00] e-mensa.INFO: Hauptseite wurde aufgerufen. [] []
[2025-04-30T09:10:17.478712+00:00] e-mensa.INFO: ABMELDUNG [] []
[2025-04-30T09:10:17.496052+00:00] e-mensa.INFO: Hauptseite wurde aufgerufen. [] []
[2025-04-30T09:41:46.519611+00:00] e-mensa.INFO: Hauptseite wurde aufgerufen. [] []
[2025-04-30T09:41:57.619219+00:00] e-mensa.WARNING: Failed login attempt: Incorrect password {"user_id":1,"email":"admin@emensa.example"} []
[2025-04-30T09:41:57.620903+00:00] e-mensa.ERROR: Login failed {"email":"admin@emensa.example","reason":"Ungültiges Passwort."} []
[2025-04-30T09:42:23.675009+00:00] e-mensa.INFO: User logged in successfully {"user_id":1,"email":"admin@emensa.example"} []
[2025-04-30T09:42:23.686569+00:00] e-mensa.INFO: Hauptseite wurde aufgerufen. [] []
[2025-04-30T09:42:28.467239+00:00] e-mensa.INFO: ABMELDUNG [] []
[2025-04-30T09:42:28.483666+00:00] e-mensa.INFO: Hauptseite wurde aufgerufen. [] []
[2025-04-30T10:01:02.492148+00:00] e-mensa.INFO: Hauptseite wurde aufgerufen. [] []
[2025-04-30T10:06:24.974752+00:00] e-mensa.INFO: Hauptseite wurde aufgerufen. [] []
[2025-04-30T10:06:25.507652+00:00] e-mensa.INFO: Hauptseite wurde aufgerufen. [] []
[2025-04-30T10:06:38.732097+00:00] e-mensa.INFO: Hauptseite wurde aufgerufen. [] []
[2025-04-30T10:07:10.122422+00:00] e-mensa.INFO: Hauptseite wurde aufgerufen. [] []
[2025-04-30T10:31:04.604909+00:00] e-mensa.INFO: Hauptseite wurde aufgerufen. [] []
[2025-04-30T10:31:14.990034+00:00] e-mensa.INFO: Hauptseite wurde aufgerufen. [] []
[2025-04-30T10:31:30.673409+00:00] e-mensa.INFO: Hauptseite wurde aufgerufen. [] []
[2025-04-30T10:38:32.785615+00:00] e-mensa.INFO: Hauptseite wurde aufgerufen. [] []
[2025-04-30T10:38:42.505278+00:00] e-mensa.INFO: Hauptseite wurde aufgerufen. [] []
[2025-04-30T10:49:23.603983+00:00] e-mensa.INFO: Hauptseite wurde aufgerufen. [] []
[2025-04-30T17:38:20.157099+00:00] e-mensa.INFO: Hauptseite wurde aufgerufen. [] []
[2025-04-30T17:54:11.456217+00:00] e-mensa.INFO: Hauptseite wurde aufgerufen. [] []
[2025-04-30T17:54:12.153369+00:00] e-mensa.INFO: Hauptseite wurde aufgerufen. [] []
[2025-04-30T17:55:11.211676+00:00] e-mensa.INFO: Hauptseite wurde aufgerufen. [] []
[2025-04-30T17:55:11.855312+00:00] e-mensa.INFO: Hauptseite wurde aufgerufen. [] []
[2025-04-30T17:55:37.701205+00:00] e-mensa.INFO: Hauptseite wurde aufgerufen. [] []
[2025-04-30T17:55:46.514759+00:00] e-mensa.INFO: Hauptseite wurde aufgerufen. [] []
[2025-04-30T17:56:14.842019+00:00] e-mensa.INFO: Hauptseite wurde aufgerufen. [] []
[2025-04-30T17:56:45.948044+00:00] e-mensa.INFO: Hauptseite wurde aufgerufen. [] []
[2025-04-30T17:57:23.757244+00:00] e-mensa.INFO: Hauptseite wurde aufgerufen. [] []
[2025-04-30T17:57:48.443353+00:00] e-mensa.INFO: Hauptseite wurde aufgerufen. [] []
[2025-04-30T17:59:22.112866+00:00] e-mensa.INFO: User logged in successfully {"user_id":1,"email":"admin@emensa.example"} []
[2025-04-30T17:59:22.133768+00:00] e-mensa.INFO: Hauptseite wurde aufgerufen. [] []
[2025-04-30T17:59:28.841917+00:00] e-mensa.INFO: ABMELDUNG [] []
[2025-04-30T17:59:28.858722+00:00] e-mensa.INFO: Hauptseite wurde aufgerufen. [] []
[2025-04-30T17:59:53.770343+00:00] e-mensa.INFO: Hauptseite wurde aufgerufen. [] []
[2025-04-30T18:00:04.073070+00:00] e-mensa.INFO: Hauptseite wurde aufgerufen. [] []
[2025-04-30T18:00:15.735372+00:00] e-mensa.INFO: Hauptseite wurde aufgerufen. [] []
[2025-04-30T18:00:36.167218+00:00] e-mensa.INFO: Hauptseite wurde aufgerufen. [] []
[2025-04-30T18:01:09.282042+00:00] e-mensa.INFO: Hauptseite wurde aufgerufen. [] []
[2025-04-30T18:03:46.497067+00:00] e-mensa.INFO: Hauptseite wurde aufgerufen. [] []
[2025-04-30T18:04:49.393984+00:00] e-mensa.INFO: Hauptseite wurde aufgerufen. [] []
[2025-04-30T18:05:20.733361+00:00] e-mensa.INFO: Hauptseite wurde aufgerufen. [] []
[2025-04-30T18:06:35.738973+00:00] e-mensa.INFO: Hauptseite wurde aufgerufen. [] []
[2025-04-30T18:06:41.804161+00:00] e-mensa.INFO: Hauptseite wurde aufgerufen. [] []
[2025-04-30T18:06:50.521725+00:00] e-mensa.INFO: Hauptseite wurde aufgerufen. [] []
[2025-04-30T18:06:55.966426+00:00] e-mensa.INFO: Hauptseite wurde aufgerufen. [] []
[2025-04-30T18:07:06.733660+00:00] e-mensa.INFO: Hauptseite wurde aufgerufen. [] []
[2025-04-30T18:07:12.831142+00:00] e-mensa.INFO: Hauptseite wurde aufgerufen. [] []
[2025-04-30T18:10:06.596819+00:00] e-mensa.INFO: Hauptseite wurde aufgerufen. [] []
[2025-04-30T18:10:36.643827+00:00] e-mensa.INFO: Hauptseite wurde aufgerufen. [] []
[2025-04-30T18:11:00.650594+00:00] e-mensa.INFO: Hauptseite wurde aufgerufen. [] []
[2025-04-30T18:12:01.160905+00:00] e-mensa.INFO: Hauptseite wurde aufgerufen. [] []
[2025-04-30T18:12:06.445645+00:00] e-mensa.INFO: Hauptseite wurde aufgerufen. [] []
[2025-04-30T18:12:24.633326+00:00] e-mensa.INFO: Hauptseite wurde aufgerufen. [] []
[2025-04-30T18:12:41.786314+00:00] e-mensa.INFO: Hauptseite wurde aufgerufen. [] []
[2025-04-30T18:12:55.792495+00:00] e-mensa.INFO: Hauptseite wurde aufgerufen. [] []
[2025-04-30T18:13:48.248080+00:00] e-mensa.INFO: Hauptseite wurde aufgerufen. [] []
[2025-04-30T18:14:10.862567+00:00] e-mensa.INFO: Hauptseite wurde aufgerufen. [] []
[2025-04-30T18:14:18.678518+00:00] e-mensa.INFO: Hauptseite wurde aufgerufen. [] []
[2025-04-30T18:14:19.319576+00:00] e-mensa.INFO: Hauptseite wurde aufgerufen. [] []
[2025-04-30T18:14:28.430268+00:00] e-mensa.INFO: Hauptseite wurde aufgerufen. [] []
[2025-04-30T18:14:47.669832+00:00] e-mensa.INFO: Hauptseite wurde aufgerufen. [] []
[2025-04-30T18:15:02.968410+00:00] e-mensa.INFO: Hauptseite wurde aufgerufen. [] []
[2025-04-30T18:15:56.589838+00:00] e-mensa.INFO: Hauptseite wurde aufgerufen. [] []
[2025-04-30T18:15:57.211054+00:00] e-mensa.INFO: Hauptseite wurde aufgerufen. [] []
[2025-04-30T18:16:08.488830+00:00] e-mensa.INFO: Hauptseite wurde aufgerufen. [] []
[2025-04-30T18:18:19.053247+00:00] e-mensa.INFO: Hauptseite wurde aufgerufen. [] []
[2025-04-30T18:18:51.105167+00:00] e-mensa.INFO: Hauptseite wurde aufgerufen. [] []
[2025-04-30T18:18:51.671468+00:00] e-mensa.INFO: Hauptseite wurde aufgerufen. [] []
[2025-04-30T18:18:51.827308+00:00] e-mensa.INFO: Hauptseite wurde aufgerufen. [] []
[2025-04-30T18:19:41.308313+00:00] e-mensa.INFO: Hauptseite wurde aufgerufen. [] []
[2025-04-30T18:19:41.847045+00:00] e-mensa.INFO: Hauptseite wurde aufgerufen. [] []
[2025-04-30T18:19:58.636647+00:00] e-mensa.INFO: Hauptseite wurde aufgerufen. [] []
[2025-04-30T18:20:39.167990+00:00] e-mensa.INFO: Hauptseite wurde aufgerufen. [] []
[2025-04-30T18:22:55.124680+00:00] e-mensa.INFO: Hauptseite wurde aufgerufen. [] []
[2025-04-30T18:23:21.343812+00:00] e-mensa.INFO: Hauptseite wurde aufgerufen. [] []
[2025-04-30T18:25:05.747643+00:00] e-mensa.INFO: Hauptseite wurde aufgerufen. [] []
[2025-04-30T18:25:36.803195+00:00] e-mensa.INFO: Hauptseite wurde aufgerufen. [] []
[2025-04-30T18:26:30.771341+00:00] e-mensa.INFO: Hauptseite wurde aufgerufen. [] []
[2025-04-30T18:27:10.842586+00:00] e-mensa.INFO: Hauptseite wurde aufgerufen. [] []
[2025-04-30T18:27:34.256023+00:00] e-mensa.INFO: Hauptseite wurde aufgerufen. [] []
[2025-04-30T18:27:55.169421+00:00] e-mensa.INFO: Hauptseite wurde aufgerufen. [] []
[2025-04-30T18:29:36.877409+00:00] e-mensa.INFO: Hauptseite wurde aufgerufen. [] []
[2025-04-30T18:30:08.238073+00:00] e-mensa.INFO: Hauptseite wurde aufgerufen. [] []
[2025-04-30T18:30:40.860530+00:00] e-mensa.INFO: Hauptseite wurde aufgerufen. [] []
[2025-04-30T18:32:51.174079+00:00] e-mensa.INFO: Hauptseite wurde aufgerufen. [] []
[2025-04-30T18:33:22.228797+00:00] e-mensa.INFO: Hauptseite wurde aufgerufen. [] []
[2025-04-30T18:33:51.245134+00:00] e-mensa.INFO: Hauptseite wurde aufgerufen. [] []
[2025-04-30T18:35:02.256551+00:00] e-mensa.INFO: Hauptseite wurde aufgerufen. [] []
[2025-04-30T18:35:31.867899+00:00] e-mensa.INFO: Hauptseite wurde aufgerufen. [] []
[2025-04-30T18:35:58.400104+00:00] e-mensa.INFO: User logged in successfully {"user_id":1,"email":"admin@emensa.example"} []
[2025-04-30T18:35:58.412175+00:00] e-mensa.INFO: Hauptseite wurde aufgerufen. [] []
[2025-04-30T18:36:02.849809+00:00] e-mensa.INFO: ABMELDUNG [] []
[2025-04-30T18:36:02.866599+00:00] e-mensa.INFO: Hauptseite wurde aufgerufen. [] []
[2025-04-30T18:36:05.044720+00:00] e-mensa.INFO: User logged in successfully {"user_id":1,"email":"admin@emensa.example"} []
[2025-04-30T18:36:05.061469+00:00] e-mensa.INFO: Hauptseite wurde aufgerufen. [] []
[2025-04-30T18:36:13.808084+00:00] e-mensa.INFO: ABMELDUNG [] []
[2025-04-30T18:36:13.825085+00:00] e-mensa.INFO: Hauptseite wurde aufgerufen. [] []
[2025-04-30T18:36:23.049713+00:00] e-mensa.INFO: User logged in successfully {"user_id":1,"email":"admin@emensa.example"} []
[2025-04-30T18:36:23.063144+00:00] e-mensa.INFO: Hauptseite wurde aufgerufen. [] []
[2025-04-30T18:36:25.500691+00:00] e-mensa.INFO: ABMELDUNG [] []
[2025-04-30T18:36:25.517278+00:00] e-mensa.INFO: Hauptseite wurde aufgerufen. [] []
[2025-04-30T18:36:28.011057+00:00] e-mensa.INFO: User logged in successfully {"user_id":1,"email":"admin@emensa.example"} []
[2025-04-30T18:36:28.025141+00:00] e-mensa.INFO: Hauptseite wurde aufgerufen. [] []
[2025-04-30T18:36:29.402135+00:00] e-mensa.INFO: ABMELDUNG [] []
[2025-04-30T18:36:29.417817+00:00] e-mensa.INFO: Hauptseite wurde aufgerufen. [] []
[2025-04-30T18:36:43.702384+00:00] e-mensa.INFO: User logged in successfully {"user_id":1,"email":"admin@emensa.example"} []
[2025-04-30T18:36:43.718220+00:00] e-mensa.INFO: Hauptseite wurde aufgerufen. [] []
[2025-04-30T18:36:46.275697+00:00] e-mensa.INFO: ABMELDUNG [] []
[2025-04-30T18:36:46.292094+00:00] e-mensa.INFO: Hauptseite wurde aufgerufen. [] []
[2025-04-30T18:36:59.824316+00:00] e-mensa.INFO: User logged in successfully {"user_id":1,"email":"admin@emensa.example"} []
[2025-04-30T18:36:59.835408+00:00] e-mensa.INFO: Hauptseite wurde aufgerufen. [] []
[2025-04-30T18:37:01.747242+00:00] e-mensa.INFO: ABMELDUNG [] []
[2025-04-30T18:37:01.764411+00:00] e-mensa.INFO: Hauptseite wurde aufgerufen. [] []
[2025-04-30T18:39:46.399470+00:00] e-mensa.INFO: Hauptseite wurde aufgerufen. [] []
[2025-04-30T18:39:47.226570+00:00] e-mensa.INFO: Hauptseite wurde aufgerufen. [] []
[2025-04-30T18:40:34.410407+00:00] e-mensa.INFO: Hauptseite wurde aufgerufen. [] []
[2025-04-30T18:40:35.061385+00:00] e-mensa.INFO: Hauptseite wurde aufgerufen. [] []
[2025-04-30T18:40:52.272217+00:00] e-mensa.INFO: Hauptseite wurde aufgerufen. [] []
[2025-04-30T18:41:37.219954+00:00] e-mensa.INFO: Hauptseite wurde aufgerufen. [] []
[2025-04-30T18:42:05.657913+00:00] e-mensa.INFO: Hauptseite wurde aufgerufen. [] []
[2025-04-30T18:42:23.634273+00:00] e-mensa.INFO: Hauptseite wurde aufgerufen. [] []
[2025-04-30T18:42:48.269411+00:00] e-mensa.INFO: User logged in successfully {"user_id":1,"email":"admin@emensa.example"} []
[2025-04-30T18:42:48.279786+00:00] e-mensa.INFO: Hauptseite wurde aufgerufen. [] []
[2025-04-30T18:42:50.401534+00:00] e-mensa.INFO: ABMELDUNG [] []
[2025-04-30T18:42:50.417120+00:00] e-mensa.INFO: Hauptseite wurde aufgerufen. [] []
[2025-04-30T18:43:16.942392+00:00] e-mensa.INFO: User logged in successfully {"user_id":1,"email":"admin@emensa.example"} []
[2025-04-30T18:43:16.955051+00:00] e-mensa.INFO: Hauptseite wurde aufgerufen. [] []
[2025-04-30T18:43:18.922538+00:00] e-mensa.INFO: ABMELDUNG [] []
[2025-04-30T18:43:18.934311+00:00] e-mensa.INFO: Hauptseite wurde aufgerufen. [] []
[2025-04-30T18:44:06.211963+00:00] e-mensa.INFO: Hauptseite wurde aufgerufen. [] []
[2025-04-30T18:44:25.298858+00:00] e-mensa.INFO: Hauptseite wurde aufgerufen. [] []
[2025-04-30T18:45:31.038327+00:00] e-mensa.INFO: User logged in successfully {"user_id":1,"email":"admin@emensa.example"} []
[2025-04-30T18:45:31.050532+00:00] e-mensa.INFO: Hauptseite wurde aufgerufen. [] []
[2025-04-30T18:45:33.270255+00:00] e-mensa.INFO: ABMELDUNG [] []
[2025-04-30T18:45:33.293866+00:00] e-mensa.INFO: Hauptseite wurde aufgerufen. [] []
[2025-04-30T18:45:37.464310+00:00] e-mensa.INFO: User logged in successfully {"user_id":1,"email":"admin@emensa.example"} []
[2025-04-30T18:45:37.484991+00:00] e-mensa.INFO: Hauptseite wurde aufgerufen. [] []
[2025-04-30T18:45:41.740427+00:00] e-mensa.INFO: ABMELDUNG [] []
[2025-04-30T18:45:41.756573+00:00] e-mensa.INFO: Hauptseite wurde aufgerufen. [] []
[2025-04-30T18:45:44.327899+00:00] e-mensa.INFO: User logged in successfully {"user_id":1,"email":"admin@emensa.example"} []
[2025-04-30T18:45:44.343775+00:00] e-mensa.INFO: Hauptseite wurde aufgerufen. [] []
[2025-04-30T18:45:49.391632+00:00] e-mensa.INFO: ABMELDUNG [] []
[2025-04-30T18:45:49.409070+00:00] e-mensa.INFO: Hauptseite wurde aufgerufen. [] []
[2025-04-30T18:48:24.511056+00:00] e-mensa.INFO: Hauptseite wurde aufgerufen. [] []
[2025-04-30T18:48:28.625770+00:00] e-mensa.INFO: User logged in successfully {"user_id":1,"email":"admin@emensa.example"} []
[2025-04-30T18:48:28.638990+00:00] e-mensa.INFO: Hauptseite wurde aufgerufen. [] []
[2025-04-30T18:48:33.669126+00:00] e-mensa.INFO: ABMELDUNG [] []
[2025-04-30T18:48:33.686802+00:00] e-mensa.INFO: Hauptseite wurde aufgerufen. [] []
[2025-04-30T18:48:35.423210+00:00] e-mensa.INFO: User logged in successfully {"user_id":1,"email":"admin@emensa.example"} []
[2025-04-30T18:48:35.434990+00:00] e-mensa.INFO: Hauptseite wurde aufgerufen. [] []
[2025-04-30T18:48:39.550485+00:00] e-mensa.INFO: ABMELDUNG [] []
[2025-04-30T18:48:39.572714+00:00] e-mensa.INFO: Hauptseite wurde aufgerufen. [] []
[2025-04-30T18:48:43.126451+00:00] e-mensa.INFO: User logged in successfully {"user_id":1,"email":"admin@emensa.example"} []
[2025-04-30T18:48:43.144887+00:00] e-mensa.INFO: Hauptseite wurde aufgerufen. [] []
[2025-04-30T18:48:44.181066+00:00] e-mensa.INFO: ABMELDUNG [] []
[2025-04-30T18:48:44.197456+00:00] e-mensa.INFO: Hauptseite wurde aufgerufen. [] []
[2025-04-30T18:49:08.668908+00:00] e-mensa.INFO: Hauptseite wurde aufgerufen. [] []
[2025-04-30T18:49:10.294661+00:00] e-mensa.INFO: User logged in successfully {"user_id":1,"email":"admin@emensa.example"} []
[2025-04-30T18:49:10.307393+00:00] e-mensa.INFO: Hauptseite wurde aufgerufen. [] []
[2025-04-30T18:49:11.610869+00:00] e-mensa.INFO: ABMELDUNG [] []
[2025-04-30T18:49:11.622730+00:00] e-mensa.INFO: Hauptseite wurde aufgerufen. [] []
[2025-04-30T18:49:13.820264+00:00] e-mensa.INFO: User logged in successfully {"user_id":1,"email":"admin@emensa.example"} []
[2025-04-30T18:49:13.840923+00:00] e-mensa.INFO: Hauptseite wurde aufgerufen. [] []
[2025-04-30T18:49:18.504863+00:00] e-mensa.INFO: ABMELDUNG [] []
[2025-04-30T18:49:18.520904+00:00] e-mensa.INFO: Hauptseite wurde aufgerufen. [] []
[2025-04-30T18:49:48.937535+00:00] e-mensa.INFO: Hauptseite wurde aufgerufen. [] []
[2025-04-30T18:50:11.176978+00:00] e-mensa.INFO: User logged in successfully {"user_id":1,"email":"admin@emensa.example"} []
[2025-04-30T18:50:11.188187+00:00] e-mensa.INFO: Hauptseite wurde aufgerufen. [] []
[2025-04-30T18:50:13.077418+00:00] e-mensa.INFO: ABMELDUNG [] []
[2025-04-30T18:50:13.089377+00:00] e-mensa.INFO: Hauptseite wurde aufgerufen. [] []
[2025-04-30T18:50:15.555769+00:00] e-mensa.INFO: User logged in successfully {"user_id":1,"email":"admin@emensa.example"} []
[2025-04-30T18:50:15.572072+00:00] e-mensa.INFO: Hauptseite wurde aufgerufen. [] []
[2025-04-30T18:50:17.202897+00:00] e-mensa.INFO: ABMELDUNG [] []
[2025-04-30T18:50:17.220147+00:00] e-mensa.INFO: Hauptseite wurde aufgerufen. [] []
[2025-04-30T18:50:24.105474+00:00] e-mensa.INFO: User logged in successfully {"user_id":1,"email":"admin@emensa.example"} []
[2025-04-30T18:50:24.121860+00:00] e-mensa.INFO: Hauptseite wurde aufgerufen. [] []
[2025-04-30T18:50:28.817187+00:00] e-mensa.INFO: ABMELDUNG [] []
[2025-04-30T18:50:28.833150+00:00] e-mensa.INFO: Hauptseite wurde aufgerufen. [] []
[2025-04-30T18:51:41.961975+00:00] e-mensa.INFO: User logged in successfully {"user_id":1,"email":"admin@emensa.example"} []
[2025-04-30T18:51:41.973533+00:00] e-mensa.INFO: Hauptseite wurde aufgerufen. [] []
[2025-04-30T18:51:45.140015+00:00] e-mensa.INFO: ABMELDUNG [] []
[2025-04-30T18:51:45.156198+00:00] e-mensa.INFO: Hauptseite wurde aufgerufen. [] []
[2025-04-30T18:52:26.849541+00:00] e-mensa.INFO: Hauptseite wurde aufgerufen. [] []
[2025-04-30T18:52:29.412191+00:00] e-mensa.INFO: User logged in successfully {"user_id":1,"email":"admin@emensa.example"} []
[2025-04-30T18:52:29.427255+00:00] e-mensa.INFO: Hauptseite wurde aufgerufen. [] []
[2025-04-30T18:52:30.991548+00:00] e-mensa.INFO: ABMELDUNG [] []
[2025-04-30T18:52:31.006631+00:00] e-mensa.INFO: Hauptseite wurde aufgerufen. [] []
[2025-04-30T18:52:41.559305+00:00] e-mensa.INFO: Hauptseite wurde aufgerufen. [] []
[2025-04-30T18:52:43.797363+00:00] e-mensa.INFO: User logged in successfully {"user_id":1,"email":"admin@emensa.example"} []
[2025-04-30T18:52:43.810202+00:00] e-mensa.INFO: Hauptseite wurde aufgerufen. [] []
[2025-04-30T18:53:15.570093+00:00] e-mensa.INFO: ABMELDUNG [] []
[2025-04-30T18:53:15.585809+00:00] e-mensa.INFO: Hauptseite wurde aufgerufen. [] []
[2025-04-30T18:53:17.517285+00:00] e-mensa.INFO: User logged in successfully {"user_id":1,"email":"admin@emensa.example"} []
[2025-04-30T18:53:17.533565+00:00] e-mensa.INFO: Hauptseite wurde aufgerufen. [] []
[2025-04-30T18:53:31.279827+00:00] e-mensa.INFO: ABMELDUNG [] []
[2025-04-30T18:53:31.292660+00:00] e-mensa.INFO: Hauptseite wurde aufgerufen. [] []
[2025-04-30T18:53:38.037981+00:00] e-mensa.INFO: User logged in successfully {"user_id":1,"email":"admin@emensa.example"} []
[2025-04-30T18:53:38.058207+00:00] e-mensa.INFO: Hauptseite wurde aufgerufen. [] []
[2025-04-30T18:53:57.339178+00:00] e-mensa.INFO: ABMELDUNG [] []
[2025-04-30T18:53:57.356946+00:00] e-mensa.INFO: Hauptseite wurde aufgerufen. [] []
[2025-04-30T18:53:59.282986+00:00] e-mensa.INFO: User logged in successfully {"user_id":1,"email":"admin@emensa.example"} []
[2025-04-30T18:53:59.303365+00:00] e-mensa.INFO: Hauptseite wurde aufgerufen. [] []
[2025-04-30T18:54:00.085371+00:00] e-mensa.INFO: ABMELDUNG [] []
[2025-04-30T18:54:00.107931+00:00] e-mensa.INFO: Hauptseite wurde aufgerufen. [] []
[2025-04-30T18:54:43.118201+00:00] e-mensa.INFO: Hauptseite wurde aufgerufen. [] []
[2025-04-30T18:54:44.668224+00:00] e-mensa.INFO: Hauptseite wurde aufgerufen. [] []
[2025-04-30T18:55:20.040994+00:00] e-mensa.INFO: Hauptseite wurde aufgerufen. [] []
[2025-04-30T18:55:22.391007+00:00] e-mensa.INFO: User logged in successfully {"user_id":1,"email":"admin@emensa.example"} []
[2025-04-30T18:55:22.403018+00:00] e-mensa.INFO: Hauptseite wurde aufgerufen. [] []
[2025-04-30T18:55:31.693359+00:00] e-mensa.INFO: Hauptseite wurde aufgerufen. [] []
[2025-04-30T18:55:40.741951+00:00] e-mensa.INFO: ABMELDUNG [] []
[2025-04-30T18:55:40.758372+00:00] e-mensa.INFO: Hauptseite wurde aufgerufen. [] []
[2025-04-30T18:55:42.375790+00:00] e-mensa.INFO: User logged in successfully {"user_id":1,"email":"admin@emensa.example"} []
[2025-04-30T18:55:42.398012+00:00] e-mensa.INFO: Hauptseite wurde aufgerufen. [] []
[2025-04-30T18:55:45.392886+00:00] e-mensa.INFO: ABMELDUNG [] []
[2025-04-30T18:55:45.408123+00:00] e-mensa.INFO: Hauptseite wurde aufgerufen. [] []
[2025-04-30T18:59:01.221418+00:00] e-mensa.INFO: Hauptseite wurde aufgerufen. [] []
[2025-04-30T18:59:01.419995+00:00] e-mensa.INFO: Hauptseite wurde aufgerufen. [] []
[2025-04-30T19:00:15.909262+00:00] e-mensa.INFO: Hauptseite wurde aufgerufen. [] []
[2025-04-30T19:01:12.173659+00:00] e-mensa.INFO: Hauptseite wurde aufgerufen. [] []
[2025-04-30T19:01:24.179824+00:00] e-mensa.INFO: Hauptseite wurde aufgerufen. [] []
[2025-04-30T19:02:00.342568+00:00] e-mensa.INFO: Hauptseite wurde aufgerufen. [] []
[2025-04-30T19:02:20.274119+00:00] e-mensa.INFO: Hauptseite wurde aufgerufen. [] []
[2025-04-30T19:03:12.789978+00:00] e-mensa.INFO: Hauptseite wurde aufgerufen. [] []
[2025-04-30T19:03:22.676263+00:00] e-mensa.INFO: Hauptseite wurde aufgerufen. [] []
[2025-04-30T19:04:03.978813+00:00] e-mensa.INFO: Hauptseite wurde aufgerufen. [] []
[2025-04-30T19:04:36.847451+00:00] e-mensa.INFO: Hauptseite wurde aufgerufen. [] []
[2025-04-30T19:04:57.748895+00:00] e-mensa.INFO: Hauptseite wurde aufgerufen. [] []
[2025-04-30T19:05:10.131704+00:00] e-mensa.INFO: Hauptseite wurde aufgerufen. [] []
[2025-04-30T19:05:20.698771+00:00] e-mensa.INFO: Hauptseite wurde aufgerufen. [] []
[2025-04-30T19:05:31.441676+00:00] e-mensa.INFO: Hauptseite wurde aufgerufen. [] []
[2025-04-30T19:05:40.011719+00:00] e-mensa.INFO: Hauptseite wurde aufgerufen. [] []
[2025-04-30T19:06:39.349681+00:00] e-mensa.INFO: Hauptseite wurde aufgerufen. [] []
[2025-04-30T19:07:54.557879+00:00] e-mensa.INFO: Hauptseite wurde aufgerufen. [] []
[2025-04-30T19:08:21.222987+00:00] e-mensa.INFO: Hauptseite wurde aufgerufen. [] []
[2025-04-30T19:08:38.902169+00:00] e-mensa.INFO: Hauptseite wurde aufgerufen. [] []
[2025-05-04T10:40:36.300981+00:00] e-mensa.INFO: Hauptseite wurde aufgerufen. [] []
[2025-05-04T10:41:02.511601+00:00] e-mensa.INFO: User logged in successfully {"user_id":1,"email":"admin@emensa.example"} []
[2025-05-04T10:41:02.525348+00:00] e-mensa.INFO: Hauptseite wurde aufgerufen. [] []
[2025-05-04T10:41:10.975689+00:00] e-mensa.INFO: Highlighting Rating Request Received {"user_id":1,"admin":1,"rating_id":"4"} []
[2025-05-04T10:41:18.060548+00:00] e-mensa.INFO: Highlighting Rating Request Received {"user_id":1,"admin":1,"rating_id":"1"} []
[2025-05-04T10:43:21.058838+00:00] e-mensa.INFO: User logged in successfully {"user_id":1,"email":"admin@emensa.example"} []
[2025-05-04T10:43:21.089502+00:00] e-mensa.INFO: Hauptseite wurde aufgerufen. [] []
[2025-05-04T10:43:27.182104+00:00] e-mensa.INFO: Highlighting Rating Request Received {"user_id":1,"admin":1,"rating_id":"4"} []
[2025-05-04T10:43:33.518894+00:00] e-mensa.INFO: Hauptseite wurde aufgerufen. [] []
[2025-05-04T10:43:54.642849+00:00] e-mensa.INFO: Hauptseite wurde aufgerufen. [] []
[2025-05-04T10:44:08.720266+00:00] e-mensa.INFO: ABMELDUNG [] []
[2025-05-04T10:44:08.738318+00:00] e-mensa.INFO: Hauptseite wurde aufgerufen. [] []
[2025-05-04T10:49:02.300176+00:00] e-mensa.INFO: Hauptseite wurde aufgerufen. [] []
[2025-05-04T10:54:15.017838+00:00] e-mensa.INFO: Hauptseite wurde aufgerufen. [] []
[2025-05-04T10:59:42.740607+00:00] e-mensa.INFO: Hauptseite wurde aufgerufen. [] []
[2025-05-04T10:59:44.819710+00:00] e-mensa.INFO: Hauptseite wurde aufgerufen. [] []
[2025-05-04T11:00:57.777757+00:00] e-mensa.INFO: Hauptseite wurde aufgerufen. [] []
[2025-05-04T11:01:06.032973+00:00] e-mensa.INFO: Hauptseite wurde aufgerufen. [] []
[2025-05-04T11:01:14.328417+00:00] e-mensa.INFO: Hauptseite wurde aufgerufen. [] []
[2025-05-04T11:06:20.883632+00:00] e-mensa.INFO: Hauptseite wurde aufgerufen. [] []
[2025-05-04T11:06:30.438608+00:00] e-mensa.INFO: Hauptseite wurde aufgerufen. [] []
[2025-05-04T11:06:32.261930+00:00] e-mensa.INFO: Hauptseite wurde aufgerufen. [] []
[2025-05-04T11:06:36.465465+00:00] e-mensa.INFO: Hauptseite wurde aufgerufen. [] []
[2025-05-04T11:06:43.227466+00:00] e-mensa.INFO: Hauptseite wurde aufgerufen. [] []
[2025-05-04T11:09:19.642627+00:00] e-mensa.INFO: Hauptseite wurde aufgerufen. [] []
[2025-05-04T11:11:09.582058+00:00] e-mensa.INFO: Hauptseite wurde aufgerufen. [] []
[2025-05-04T11:14:38.329447+00:00] e-mensa.INFO: Hauptseite wurde aufgerufen. [] []
[2025-05-04T11:15:02.889315+00:00] e-mensa.INFO: Hauptseite wurde aufgerufen. [] []
[2025-05-04T11:15:03.471773+00:00] e-mensa.INFO: Hauptseite wurde aufgerufen. [] []
[2025-05-04T11:15:51.117377+00:00] e-mensa.INFO: Hauptseite wurde aufgerufen. [] []
[2025-05-04T11:16:33.676528+00:00] e-mensa.INFO: Hauptseite wurde aufgerufen. [] []
[2025-05-04T11:16:45.248453+00:00] e-mensa.INFO: Hauptseite wurde aufgerufen. [] []
[2025-05-04T11:16:53.461227+00:00] e-mensa.INFO: Hauptseite wurde aufgerufen. [] []
[2025-05-04T11:18:20.380978+00:00] e-mensa.INFO: Hauptseite wurde aufgerufen. [] []
[2025-05-04T11:18:36.096713+00:00] e-mensa.INFO: Hauptseite wurde aufgerufen. [] []
[2025-05-04T11:18:37.013208+00:00] e-mensa.INFO: Hauptseite wurde aufgerufen. [] []
[2025-05-04T11:20:05.427971+00:00] e-mensa.INFO: Hauptseite wurde aufgerufen. [] []
[2025-05-04T11:20:13.070633+00:00] e-mensa.INFO: Hauptseite wurde aufgerufen. [] []
[2025-05-04T11:20:16.666941+00:00] e-mensa.INFO: Hauptseite wurde aufgerufen. [] []
[2025-05-04T11:20:31.199958+00:00] e-mensa.INFO: Hauptseite wurde aufgerufen. [] []
[2025-05-04T11:22:53.742588+00:00] e-mensa.INFO: Hauptseite wurde aufgerufen. [] []
[2025-05-04T11:24:35.399164+00:00] e-mensa.INFO: Hauptseite wurde aufgerufen. [] []
[2025-05-04T11:26:21.612873+00:00] e-mensa.INFO: Hauptseite wurde aufgerufen. [] []
[2025-05-04T11:26:36.266250+00:00] e-mensa.INFO: Hauptseite wurde aufgerufen. [] []
[2025-05-04T11:27:05.406719+00:00] e-mensa.INFO: Hauptseite wurde aufgerufen. [] []
[2025-05-04T11:35:01.741706+00:00] e-mensa.INFO: Hauptseite wurde aufgerufen. [] []
[2025-05-04T11:38:02.137445+00:00] e-mensa.INFO: User logged in successfully {"user_id":1,"email":"admin@emensa.example"} []
[2025-05-04T11:38:02.149981+00:00] e-mensa.INFO: Hauptseite wurde aufgerufen. [] []
[2025-05-04T11:38:03.547492+00:00] e-mensa.INFO: ABMELDUNG [] []
[2025-05-04T11:38:03.558254+00:00] e-mensa.INFO: Hauptseite wurde aufgerufen. [] []
[2025-05-04T11:38:07.312779+00:00] e-mensa.WARNING: Failed login attempt: Incorrect password {"user_id":1,"email":"admin@emensa.example"} []
[2025-05-04T11:38:07.314129+00:00] e-mensa.ERROR: Login failed {"email":"admin@emensa.example","reason":"Ungültiges Passwort."} []
[2025-05-04T11:38:09.539142+00:00] e-mensa.INFO: User logged in successfully {"user_id":1,"email":"admin@emensa.example"} []
[2025-05-04T11:38:09.554223+00:00] e-mensa.INFO: Hauptseite wurde aufgerufen. [] []
[2025-05-04T11:38:14.142828+00:00] e-mensa.INFO: ABMELDUNG [] []
[2025-05-04T11:38:14.153083+00:00] e-mensa.INFO: Hauptseite wurde aufgerufen. [] []
[2025-05-04T11:38:16.060711+00:00] e-mensa.INFO: User logged in successfully {"user_id":1,"email":"admin@emensa.example"} []
[2025-05-04T11:38:16.071649+00:00] e-mensa.INFO: Hauptseite wurde aufgerufen. [] []
[2025-05-04T11:38:50.817809+00:00] e-mensa.INFO: Hauptseite wurde aufgerufen. [] []
[2025-05-04T11:38:54.842188+00:00] e-mensa.INFO: ABMELDUNG [] []
[2025-05-04T11:38:54.853541+00:00] e-mensa.INFO: Hauptseite wurde aufgerufen. [] []
[2025-05-04T11:41:10.807814+00:00] e-mensa.INFO: User logged in successfully {"user_id":1,"email":"admin@emensa.example"} []
[2025-05-04T11:41:10.821023+00:00] e-mensa.INFO: Hauptseite wurde aufgerufen. [] []
[2025-05-04T11:41:53.824157+00:00] e-mensa.INFO: Hauptseite wurde aufgerufen. [] []
[2025-05-04T11:42:23.692216+00:00] e-mensa.INFO: Hauptseite wurde aufgerufen. [] []
[2025-05-04T11:43:04.044346+00:00] e-mensa.INFO: Hauptseite wurde aufgerufen. [] []
[2025-05-04T11:43:43.811556+00:00] e-mensa.INFO: Hauptseite wurde aufgerufen. [] []
[2025-05-04T11:44:17.195578+00:00] e-mensa.INFO: Hauptseite wurde aufgerufen. [] []
[2025-05-04T11:44:23.595746+00:00] e-mensa.INFO: Hauptseite wurde aufgerufen. [] []
[2025-05-04T11:44:45.809782+00:00] e-mensa.INFO: Hauptseite wurde aufgerufen. [] []
[2025-05-04T11:45:08.753413+00:00] e-mensa.INFO: Hauptseite wurde aufgerufen. [] []
[2025-05-04T11:45:41.062431+00:00] e-mensa.INFO: Hauptseite wurde aufgerufen. [] []
[2025-05-04T11:45:53.430720+00:00] e-mensa.INFO: Hauptseite wurde aufgerufen. [] []
[2025-05-04T11:46:10.558509+00:00] e-mensa.INFO: Hauptseite wurde aufgerufen. [] []
[2025-05-04T11:46:22.786467+00:00] e-mensa.INFO: Hauptseite wurde aufgerufen. [] []
[2025-05-04T11:46:25.760669+00:00] e-mensa.INFO: ABMELDUNG [] []
[2025-05-04T11:46:25.772481+00:00] e-mensa.INFO: Hauptseite wurde aufgerufen. [] []
[2025-05-04T11:46:27.900553+00:00] e-mensa.INFO: User logged in successfully {"user_id":1,"email":"admin@emensa.example"} []
[2025-05-04T11:46:27.917617+00:00] e-mensa.INFO: Hauptseite wurde aufgerufen. [] []
[2025-05-04T11:46:38.647028+00:00] e-mensa.INFO: ABMELDUNG [] []
[2025-05-04T11:46:38.657599+00:00] e-mensa.INFO: Hauptseite wurde aufgerufen. [] []
[2025-05-04T11:47:24.880104+00:00] e-mensa.WARNING: Failed login attempt: Incorrect password {"user_id":1,"email":"admin@emensa.example"} []
[2025-05-04T11:47:24.882855+00:00] e-mensa.ERROR: Login failed {"email":"admin@emensa.example","reason":"Ungültiges Passwort."} []
[2025-05-04T11:48:20.861782+00:00] e-mensa.INFO: Hauptseite wurde aufgerufen. [] []
[2025-05-04T11:54:40.750267+00:00] e-mensa.INFO: Hauptseite wurde aufgerufen. [] []
[2025-05-04T11:54:44.230036+00:00] e-mensa.INFO: User logged in successfully {"user_id":1,"email":"admin@emensa.example"} []
[2025-05-04T11:54:44.254396+00:00] e-mensa.INFO: Hauptseite wurde aufgerufen. [] []
[2025-05-04T11:56:07.530035+00:00] e-mensa.INFO: ABMELDUNG [] []
[2025-05-04T11:56:07.541073+00:00] e-mensa.INFO: Hauptseite wurde aufgerufen. [] []
[2025-05-04T11:57:16.484890+00:00] e-mensa.INFO: User logged in successfully {"user_id":1,"email":"admin@emensa.example"} []
[2025-05-04T11:57:16.498541+00:00] e-mensa.INFO: Hauptseite wurde aufgerufen. [] []
[2025-05-04T11:57:18.029906+00:00] e-mensa.INFO: ABMELDUNG [] []
[2025-05-04T11:57:18.040497+00:00] e-mensa.INFO: Hauptseite wurde aufgerufen. [] []
[2025-05-04T12:05:43.480654+00:00] e-mensa.INFO: User logged in successfully {"user_id":1,"email":"admin@emensa.example"} []
[2025-05-04T12:05:43.506910+00:00] e-mensa.INFO: Hauptseite wurde aufgerufen. [] []
[2025-05-04T12:05:44.357990+00:00] e-mensa.INFO: ABMELDUNG [] []
[2025-05-04T12:05:44.368318+00:00] e-mensa.INFO: Hauptseite wurde aufgerufen. [] []
[2025-05-04T12:05:46.832247+00:00] e-mensa.INFO: User logged in successfully {"user_id":1,"email":"admin@emensa.example"} []
[2025-05-04T12:05:46.846364+00:00] e-mensa.INFO: Hauptseite wurde aufgerufen. [] []
[2025-05-04T12:05:47.655860+00:00] e-mensa.INFO: ABMELDUNG [] []
[2025-05-04T12:05:47.666673+00:00] e-mensa.INFO: Hauptseite wurde aufgerufen. [] []
[2025-05-04T12:07:37.001124+00:00] e-mensa.INFO: User logged in successfully {"user_id":1,"email":"admin@emensa.example"} []
[2025-05-04T12:07:37.013705+00:00] e-mensa.INFO: Hauptseite wurde aufgerufen. [] []
[2025-05-04T12:07:38.103680+00:00] e-mensa.INFO: ABMELDUNG [] []
[2025-05-04T12:07:38.114449+00:00] e-mensa.INFO: Hauptseite wurde aufgerufen. [] []
[2025-05-04T12:07:52.568202+00:00] e-mensa.INFO: Hauptseite wurde aufgerufen. [] []
[2025-05-04T12:11:36.922671+00:00] e-mensa.INFO: User logged in successfully {"user_id":1,"email":"admin@emensa.example"} []
[2025-05-04T12:11:37.055447+00:00] e-mensa.INFO: Hauptseite wurde aufgerufen. [] []
[2025-05-04T12:11:51.455037+00:00] e-mensa.INFO: ABMELDUNG [] []
[2025-05-04T12:11:51.466104+00:00] e-mensa.INFO: Hauptseite wurde aufgerufen. [] []
[2025-05-04T12:14:06.534968+00:00] e-mensa.INFO: User logged in successfully {"user_id":1,"email":"admin@emensa.example"} []
[2025-05-04T12:14:06.575762+00:00] e-mensa.INFO: Hauptseite wurde aufgerufen. [] []
[2025-05-04T12:14:07.466930+00:00] e-mensa.INFO: ABMELDUNG [] []
[2025-05-04T12:14:07.477945+00:00] e-mensa.INFO: Hauptseite wurde aufgerufen. [] []
[2025-05-04T12:14:13.246984+00:00] e-mensa.INFO: User logged in successfully {"user_id":1,"email":"admin@emensa.example"} []
[2025-05-04T12:14:13.260319+00:00] e-mensa.INFO: Hauptseite wurde aufgerufen. [] []
[2025-05-04T12:14:15.028771+00:00] e-mensa.INFO: ABMELDUNG [] []
[2025-05-04T12:14:15.040886+00:00] e-mensa.INFO: Hauptseite wurde aufgerufen. [] []
[2025-05-04T12:15:07.515860+00:00] e-mensa.INFO: User logged in successfully {"user_id":1,"email":"admin@emensa.example"} []
[2025-05-04T12:15:07.527841+00:00] e-mensa.INFO: Hauptseite wurde aufgerufen. [] []
[2025-05-04T12:15:09.235368+00:00] e-mensa.INFO: ABMELDUNG [] []
[2025-05-04T12:15:09.246323+00:00] e-mensa.INFO: Hauptseite wurde aufgerufen. [] []
[2025-05-04T12:15:11.235895+00:00] e-mensa.INFO: User logged in successfully {"user_id":1,"email":"admin@emensa.example"} []
[2025-05-04T12:15:11.247100+00:00] e-mensa.INFO: Hauptseite wurde aufgerufen. [] []
[2025-05-04T12:15:30.960578+00:00] e-mensa.INFO: Hauptseite wurde aufgerufen. [] []
[2025-05-04T12:15:54.645385+00:00] e-mensa.INFO: ABMELDUNG [] []
[2025-05-04T12:15:54.656032+00:00] e-mensa.INFO: Hauptseite wurde aufgerufen. [] []
[2025-05-04T12:17:06.669192+00:00] e-mensa.INFO: User logged in successfully {"user_id":1,"email":"admin@emensa.example"} []
[2025-05-04T12:17:06.680572+00:00] e-mensa.INFO: Hauptseite wurde aufgerufen. [] []
[2025-05-04T12:17:07.981487+00:00] e-mensa.INFO: ABMELDUNG [] []
[2025-05-04T12:17:07.992887+00:00] e-mensa.INFO: Hauptseite wurde aufgerufen. [] []
[2025-05-04T12:17:49.039203+00:00] e-mensa.INFO: Hauptseite wurde aufgerufen. [] []
[2025-05-04T12:17:50.210529+00:00] e-mensa.INFO: Hauptseite wurde aufgerufen. [] []
[2025-05-04T12:17:58.038630+00:00] e-mensa.INFO: Hauptseite wurde aufgerufen. [] []
[2025-05-04T12:20:33.841602+00:00] e-mensa.INFO: Hauptseite wurde aufgerufen. [] []
[2025-05-04T12:20:42.922838+00:00] e-mensa.INFO: User logged in successfully {"user_id":1,"email":"admin@emensa.example"} []
[2025-05-04T12:20:42.940513+00:00] e-mensa.INFO: Hauptseite wurde aufgerufen. [] []
[2025-05-04T12:20:45.225649+00:00] e-mensa.INFO: ABMELDUNG [] []
[2025-05-04T12:20:45.236160+00:00] e-mensa.INFO: Hauptseite wurde aufgerufen. [] []
[2025-05-04T12:20:56.635441+00:00] e-mensa.INFO: User logged in successfully {"user_id":1,"email":"admin@emensa.example"} []
[2025-05-04T12:20:56.646817+00:00] e-mensa.INFO: Hauptseite wurde aufgerufen. [] []
[2025-05-04T12:20:57.695918+00:00] e-mensa.INFO: ABMELDUNG [] []
[2025-05-04T12:20:57.706815+00:00] e-mensa.INFO: Hauptseite wurde aufgerufen. [] []
[2025-05-04T12:21:01.930297+00:00] e-mensa.INFO: User logged in successfully {"user_id":1,"email":"admin@emensa.example"} []
[2025-05-04T12:21:01.946770+00:00] e-mensa.INFO: Hauptseite wurde aufgerufen. [] []
[2025-05-04T12:21:40.701038+00:00] e-mensa.INFO: Hauptseite wurde aufgerufen. [] []
[2025-05-04T12:22:12.214685+00:00] e-mensa.INFO: Highlighting Rating Request Received {"user_id":1,"admin":1,"rating_id":"1"} []
[2025-05-04T12:22:25.170798+00:00] e-mensa.INFO: Hauptseite wurde aufgerufen. [] []
[2025-05-04T12:22:50.231721+00:00] e-mensa.INFO: Hauptseite wurde aufgerufen. [] []
[2025-05-04T12:23:11.843900+00:00] e-mensa.INFO: Hauptseite wurde aufgerufen. [] []
[2025-05-04T12:24:24.240927+00:00] e-mensa.INFO: Hauptseite wurde aufgerufen. [] []
[2025-05-04T12:26:27.974820+00:00] e-mensa.INFO: ABMELDUNG [] []
[2025-05-04T12:26:27.985533+00:00] e-mensa.INFO: Hauptseite wurde aufgerufen. [] []
[2025-05-04T12:26:30.421170+00:00] e-mensa.INFO: User logged in successfully {"user_id":1,"email":"admin@emensa.example"} []
[2025-05-04T12:26:30.433466+00:00] e-mensa.INFO: Hauptseite wurde aufgerufen. [] []
[2025-05-04T12:26:33.579540+00:00] e-mensa.INFO: ABMELDUNG [] []
[2025-05-04T12:26:33.589669+00:00] e-mensa.INFO: Hauptseite wurde aufgerufen. [] []
[2025-05-04T12:26:35.083820+00:00] e-mensa.INFO: User logged in successfully {"user_id":1,"email":"admin@emensa.example"} []
[2025-05-04T12:26:35.100799+00:00] e-mensa.INFO: Hauptseite wurde aufgerufen. [] []
[2025-05-04T12:26:36.366358+00:00] e-mensa.INFO: ABMELDUNG [] []
[2025-05-04T12:26:36.377813+00:00] e-mensa.INFO: Hauptseite wurde aufgerufen. [] []
[2025-05-04T12:29:14.505484+00:00] e-mensa.INFO: User logged in successfully {"user_id":1,"email":"admin@emensa.example"} []
[2025-05-04T12:29:14.517114+00:00] e-mensa.INFO: Hauptseite wurde aufgerufen. [] []
[2025-05-04T12:29:17.465369+00:00] e-mensa.INFO: User logged in successfully {"user_id":1,"email":"admin@emensa.example"} []
[2025-05-04T12:29:17.476409+00:00] e-mensa.INFO: Hauptseite wurde aufgerufen. [] []
[2025-05-04T12:30:08.358118+00:00] e-mensa.INFO: Hauptseite wurde aufgerufen. [] []
[2025-05-04T12:31:08.176442+00:00] e-mensa.INFO: Hauptseite wurde aufgerufen. [] []
[2025-05-04T12:41:11.492611+00:00] e-mensa.INFO: Hauptseite wurde aufgerufen. [] []
[2025-05-04T12:43:20.977822+00:00] e-mensa.INFO: Hauptseite wurde aufgerufen. [] []
[2025-05-04T12:43:49.015860+00:00] e-mensa.INFO: Hauptseite wurde aufgerufen. [] []
[2025-05-04T12:44:09.445197+00:00] e-mensa.INFO: Hauptseite wurde aufgerufen. [] []
[2025-05-04T12:44:23.471416+00:00] e-mensa.INFO: Hauptseite wurde aufgerufen. [] []
[2025-05-04T12:44:48.222325+00:00] e-mensa.INFO: Hauptseite wurde aufgerufen. [] []
[2025-05-04T12:45:37.277795+00:00] e-mensa.INFO: Hauptseite wurde aufgerufen. [] []
[2025-05-04T12:46:28.858931+00:00] e-mensa.INFO: Hauptseite wurde aufgerufen. [] []
[2025-05-04T12:46:43.551611+00:00] e-mensa.INFO: Hauptseite wurde aufgerufen. [] []
[2025-05-04T12:48:42.915780+00:00] e-mensa.INFO: Hauptseite wurde aufgerufen. [] []
[2025-05-04T12:48:58.897907+00:00] e-mensa.INFO: Hauptseite wurde aufgerufen. [] []
[2025-05-04T12:49:23.765163+00:00] e-mensa.INFO: Hauptseite wurde aufgerufen. [] []
[2025-05-04T12:49:39.472308+00:00] e-mensa.INFO: Hauptseite wurde aufgerufen. [] []
[2025-05-04T12:50:00.719302+00:00] e-mensa.INFO: Hauptseite wurde aufgerufen. [] []
[2025-05-04T12:50:13.216544+00:00] e-mensa.INFO: Hauptseite wurde aufgerufen. [] []
[2025-05-04T12:50:19.863647+00:00] e-mensa.INFO: Hauptseite wurde aufgerufen. [] []
[2025-05-04T12:50:26.888932+00:00] e-mensa.INFO: Hauptseite wurde aufgerufen. [] []
[2025-05-04T12:50:32.134896+00:00] e-mensa.INFO: Hauptseite wurde aufgerufen. [] []
[2025-05-04T12:50:50.348900+00:00] e-mensa.INFO: ABMELDUNG [] []
[2025-05-04T12:50:50.360077+00:00] e-mensa.INFO: Hauptseite wurde aufgerufen. [] []
[2025-05-04T12:50:52.626490+00:00] e-mensa.INFO: User logged in successfully {"user_id":1,"email":"admin@emensa.example"} []
[2025-05-04T12:50:52.640878+00:00] e-mensa.INFO: Hauptseite wurde aufgerufen. [] []
[2025-05-04T14:23:46.022394+00:00] e-mensa.INFO: Hauptseite wurde aufgerufen. [] []
[2025-05-04T14:23:52.215775+00:00] e-mensa.INFO: User logged in successfully {"user_id":1,"email":"admin@emensa.example"} []
[2025-05-04T14:23:52.238224+00:00] e-mensa.INFO: Hauptseite wurde aufgerufen. [] []
[2025-05-04T14:23:56.776443+00:00] e-mensa.INFO: ABMELDUNG [] []
[2025-05-04T14:23:56.800565+00:00] e-mensa.INFO: Hauptseite wurde aufgerufen. [] []
[2025-05-04T14:29:22.724476+00:00] e-mensa.INFO: User logged in successfully {"user_id":1,"email":"admin@emensa.example"} []
[2025-05-04T14:29:22.743366+00:00] e-mensa.INFO: Hauptseite wurde aufgerufen. [] []
[2025-05-04T14:29:25.497500+00:00] e-mensa.INFO: ABMELDUNG [] []
[2025-05-04T14:29:25.522361+00:00] e-mensa.INFO: Hauptseite wurde aufgerufen. [] []
[2025-05-04T14:36:36.264544+00:00] e-mensa.INFO: Hauptseite wurde aufgerufen. [] []
[2025-05-04T14:36:52.286520+00:00] e-mensa.INFO: User logged in successfully {"user_id":1,"email":"admin@emensa.example"} []
[2025-05-04T14:36:52.303996+00:00] e-mensa.INFO: Hauptseite wurde aufgerufen. [] []
[2025-05-04T14:37:19.022736+00:00] e-mensa.INFO: ABMELDUNG [] []
[2025-05-04T14:37:19.043818+00:00] e-mensa.INFO: Hauptseite wurde aufgerufen. [] []
[2025-05-04T14:41:58.215985+00:00] e-mensa.INFO: User logged in successfully {"user_id":1,"email":"admin@emensa.example"} []
[2025-05-04T14:41:58.232519+00:00] e-mensa.INFO: Hauptseite wurde aufgerufen. [] []
[2025-05-04T14:42:06.444497+00:00] e-mensa.INFO: ABMELDUNG [] []
[2025-05-04T14:42:06.464648+00:00] e-mensa.INFO: Hauptseite wurde aufgerufen. [] []
[2025-05-04T14:42:30.303574+00:00] e-mensa.INFO: Hauptseite wurde aufgerufen. [] []
[2025-05-04T14:42:33.334255+00:00] e-mensa.INFO: Hauptseite wurde aufgerufen. [] []
[2025-05-04T14:43:07.411261+00:00] e-mensa.INFO: User logged in successfully {"user_id":1,"email":"admin@emensa.example"} []
[2025-05-04T14:43:07.426558+00:00] e-mensa.INFO: Hauptseite wurde aufgerufen. [] []
[2025-05-04T14:43:10.810825+00:00] e-mensa.INFO: ABMELDUNG [] []
[2025-05-04T14:43:10.828094+00:00] e-mensa.INFO: Hauptseite wurde aufgerufen. [] []
[2025-05-04T14:43:28.584048+00:00] e-mensa.INFO: User logged in successfully {"user_id":1,"email":"admin@emensa.example"} []
[2025-05-04T14:43:28.598869+00:00] e-mensa.INFO: Hauptseite wurde aufgerufen. [] []
[2025-05-04T14:43:43.477998+00:00] e-mensa.INFO: ABMELDUNG [] []
[2025-05-04T14:43:43.495970+00:00] e-mensa.INFO: Hauptseite wurde aufgerufen. [] []
[2025-05-04T14:43:55.805694+00:00] e-mensa.INFO: User logged in successfully {"user_id":1,"email":"admin@emensa.example"} []
[2025-05-04T14:43:55.819704+00:00] e-mensa.INFO: Hauptseite wurde aufgerufen. [] []
[2025-05-04T14:44:11.814948+00:00] e-mensa.INFO: ABMELDUNG [] []
[2025-05-04T14:44:11.834903+00:00] e-mensa.INFO: Hauptseite wurde aufgerufen. [] []
[2025-05-04T14:44:14.180827+00:00] e-mensa.INFO: Hauptseite wurde aufgerufen. [] []
[2025-05-04T14:44:17.176276+00:00] e-mensa.INFO: Hauptseite wurde aufgerufen. [] []
[2025-05-04T14:44:25.906322+00:00] e-mensa.INFO: User logged in successfully {"user_id":1,"email":"admin@emensa.example"} []
[2025-05-04T14:44:25.922153+00:00] e-mensa.INFO: Hauptseite wurde aufgerufen. [] []
[2025-05-04T14:47:49.070546+00:00] e-mensa.INFO: Hauptseite wurde aufgerufen. [] []
[2025-05-04T14:48:53.006921+00:00] e-mensa.INFO: ABMELDUNG [] []
[2025-05-04T14:48:53.021784+00:00] e-mensa.INFO: Hauptseite wurde aufgerufen. [] []
[2025-05-04T14:49:12.645632+00:00] e-mensa.INFO: User logged in successfully {"user_id":3,"email":"user@emensa.com"} []
[2025-05-04T14:49:12.661626+00:00] e-mensa.INFO: Hauptseite wurde aufgerufen. [] []
[2025-05-04T14:49:27.931565+00:00] e-mensa.INFO: ABMELDUNG [] []
[2025-05-04T14:49:27.958833+00:00] e-mensa.INFO: Hauptseite wurde aufgerufen. [] []
[2025-05-04T14:54:51.478524+00:00] e-mensa.INFO: Hauptseite wurde aufgerufen. [] []
[2025-05-04T14:55:28.947714+00:00] e-mensa.INFO: Hauptseite wurde aufgerufen. [] []
[2025-05-04T14:55:32.409028+00:00] e-mensa.INFO: Hauptseite wurde aufgerufen. [] []
[2025-05-04T15:02:50.881546+00:00] e-mensa.INFO: Hauptseite wurde aufgerufen. [] []
[2025-05-04T15:02:56.912258+00:00] e-mensa.INFO: Hauptseite wurde aufgerufen. [] []
[2025-05-04T15:03:05.856160+00:00] e-mensa.INFO: Hauptseite wurde aufgerufen. [] []
[2025-05-04T17:25:55.766308+00:00] e-mensa.INFO: Hauptseite wurde aufgerufen. [] []
[2025-05-04T17:26:50.386527+00:00] e-mensa.INFO: User logged in successfully {"user_id":3,"email":"user@emensa.com"} []
[2025-05-04T17:26:50.401692+00:00] e-mensa.INFO: Hauptseite wurde aufgerufen. [] []
[2025-05-04T17:30:55.605137+00:00] e-mensa.INFO: Hauptseite wurde aufgerufen. [] []
[2025-05-04T17:32:32.748969+00:00] e-mensa.INFO: ABMELDUNG [] []
[2025-05-04T17:32:32.762043+00:00] e-mensa.INFO: Hauptseite wurde aufgerufen. [] []
[2025-05-04T17:37:19.680226+00:00] e-mensa.INFO: User logged in successfully {"user_id":3,"email":"user@emensa.com"} []
[2025-05-04T17:37:19.696437+00:00] e-mensa.INFO: Hauptseite wurde aufgerufen. [] []
[2025-05-04T17:37:24.302814+00:00] e-mensa.INFO: ABMELDUNG [] []
[2025-05-04T17:37:24.323126+00:00] e-mensa.INFO: Hauptseite wurde aufgerufen. [] []
[2025-05-04T18:02:37.652470+00:00] e-mensa.INFO: User logged in successfully {"user_id":1,"email":"admin@emensa.example"} []
[2025-05-04T18:02:37.732074+00:00] e-mensa.INFO: Hauptseite wurde aufgerufen. [] []
[2025-05-04T18:03:44.663194+00:00] e-mensa.INFO: ABMELDUNG [] []
[2025-05-04T18:03:44.679711+00:00] e-mensa.INFO: Hauptseite wurde aufgerufen. [] []
[2025-05-05T09:13:29.208573+00:00] e-mensa.INFO: Hauptseite wurde aufgerufen. [] []
[2025-05-05T09:14:02.943636+00:00] e-mensa.INFO: Hauptseite wurde aufgerufen. [] []
[2025-05-05T14:08:46.951163+00:00] e-mensa.INFO: Hauptseite wurde aufgerufen. [] []
[2025-05-05T14:09:05.593504+00:00] e-mensa.INFO: User logged in successfully {"user_id":1,"email":"admin@emensa.example"} []
[2025-05-05T14:09:05.610416+00:00] e-mensa.INFO: Hauptseite wurde aufgerufen. [] []
[2025-05-05T14:09:07.344969+00:00] e-mensa.INFO: ABMELDUNG [] []
[2025-05-05T14:09:07.363553+00:00] e-mensa.INFO: Hauptseite wurde aufgerufen. [] []
[2025-05-05T14:09:09.876122+00:00] e-mensa.INFO: Hauptseite wurde aufgerufen. [] []
[2025-06-07T10:31:28.376620+00:00] e-mensa.INFO: Hauptseite wurde aufgerufen. [] []
[2025-06-07T10:31:33.132558+00:00] e-mensa.INFO: Hauptseite wurde aufgerufen. [] []
[2025-06-07T10:36:12.767090+00:00] e-mensa.INFO: Hauptseite wurde aufgerufen. [] []
[2025-06-07T10:38:04.435647+00:00] e-mensa.INFO: Hauptseite wurde aufgerufen. [] []
[2025-06-07T10:38:09.928665+00:00] e-mensa.INFO: User logged in successfully {"user_id":1,"email":"admin@emensa.example"} []
[2025-06-07T10:38:09.946170+00:00] e-mensa.INFO: Hauptseite wurde aufgerufen. [] []
[2025-06-07T10:38:11.340475+00:00] e-mensa.INFO: ABMELDUNG [] []
[2025-06-07T10:38:11.358234+00:00] e-mensa.INFO: Hauptseite wurde aufgerufen. [] []
[2025-06-07T10:38:47.965585+00:00] e-mensa.INFO: Hauptseite wurde aufgerufen. [] []
[2025-06-07T10:38:48.012844+00:00] e-mensa.INFO: Hauptseite wurde aufgerufen. [] []
[2025-06-07T10:40:41.297398+00:00] e-mensa.INFO: Hauptseite wurde aufgerufen. [] []
[2025-06-07T10:40:45.362131+00:00] e-mensa.INFO: User logged in successfully {"user_id":1,"email":"admin@emensa.example"} []
[2025-06-07T10:40:45.375822+00:00] e-mensa.INFO: Hauptseite wurde aufgerufen. [] []
[2025-06-07T10:40:47.882168+00:00] e-mensa.INFO: ABMELDUNG [] []
[2025-06-07T10:40:47.903911+00:00] e-mensa.INFO: Hauptseite wurde aufgerufen. [] []
[2025-06-07T11:02:58.761720+00:00] e-mensa.INFO: Hauptseite wurde aufgerufen. [] []
[2025-06-07T12:33:19.899702+00:00] e-mensa.INFO: Hauptseite wurde aufgerufen. [] []
[2025-06-07T12:39:44.670236+00:00] e-mensa.INFO: Hauptseite wurde aufgerufen. [] []
[2025-06-07T12:39:56.145317+00:00] e-mensa.INFO: User logged in successfully {"user_id":1,"email":"admin@emensa.example"} []
[2025-06-07T12:39:56.161574+00:00] e-mensa.INFO: Hauptseite wurde aufgerufen. [] []
[2025-06-07T12:40:01.843849+00:00] e-mensa.INFO: ABMELDUNG [] []
[2025-06-07T12:40:01.859959+00:00] e-mensa.INFO: Hauptseite wurde aufgerufen. [] []
[2025-06-11T13:12:54.794210+00:00] e-mensa.INFO: Hauptseite wurde aufgerufen. [] []
[2025-06-11T13:13:04.863876+00:00] e-mensa.INFO: Hauptseite wurde aufgerufen. [] []
[2025-06-11T13:13:21.796709+00:00] e-mensa.INFO: User logged in successfully {"user_id":1,"email":"admin@emensa.example"} []
[2025-06-11T13:13:21.812968+00:00] e-mensa.INFO: Hauptseite wurde aufgerufen. [] []
[2025-06-11T13:13:26.231376+00:00] e-mensa.INFO: Hauptseite wurde aufgerufen. [] []
[2025-06-11T13:13:29.747176+00:00] e-mensa.INFO: Hauptseite wurde aufgerufen. [] []
[2025-06-11T13:13:31.312592+00:00] e-mensa.INFO: ABMELDUNG [] []
[2025-06-11T13:13:31.329835+00:00] e-mensa.INFO: Hauptseite wurde aufgerufen. [] []
[2025-06-23T12:59:33.880917+00:00] e-mensa.INFO: Hauptseite wurde aufgerufen. [] []
